{"/Users/ethan/Desktop/Github/Gauntlet/CollabCanvas/collabcanvas-app/src/components/auth/LoginButton.jsx": {"path":"/Users/ethan/Desktop/Github/Gauntlet/CollabCanvas/collabcanvas-app/src/components/auth/LoginButton.jsx","statementMap":{"0":{"start":{"line":4,"column":20},"end":{"line":45,"column":1}},"1":{"start":{"line":5,"column":55},"end":{"line":5,"column":64}},"2":{"start":{"line":7,"column":2},"end":{"line":14,"column":3}},"3":{"start":{"line":8,"column":4},"end":{"line":13,"column":6}},"4":{"start":{"line":16,"column":2},"end":{"line":32,"column":3}},"5":{"start":{"line":17,"column":4},"end":{"line":31,"column":6}},"6":{"start":{"line":34,"column":2},"end":{"line":44,"column":4}}},"fnMap":{"0":{"name":"(anonymous_0)","decl":{"start":{"line":4,"column":20},"end":{"line":4,"column":21}},"loc":{"start":{"line":4,"column":26},"end":{"line":45,"column":1}},"line":4}},"branchMap":{"0":{"loc":{"start":{"line":7,"column":2},"end":{"line":14,"column":3}},"type":"if","locations":[{"start":{"line":7,"column":2},"end":{"line":14,"column":3}},{"start":{},"end":{}}],"line":7},"1":{"loc":{"start":{"line":16,"column":2},"end":{"line":32,"column":3}},"type":"if","locations":[{"start":{"line":16,"column":2},"end":{"line":32,"column":3}},{"start":{},"end":{}}],"line":16},"2":{"loc":{"start":{"line":19,"column":9},"end":{"line":25,"column":9}},"type":"binary-expr","locations":[{"start":{"line":19,"column":9},"end":{"line":19,"column":22}},{"start":{"line":20,"column":10},"end":{"line":24,"column":12}}],"line":19},"3":{"loc":{"start":{"line":22,"column":17},"end":{"line":22,"column":43}},"type":"binary-expr","locations":[{"start":{"line":22,"column":17},"end":{"line":22,"column":33}},{"start":{"line":22,"column":37},"end":{"line":22,"column":43}}],"line":22},"4":{"loc":{"start":{"line":26,"column":37},"end":{"line":26,"column":67}},"type":"binary-expr","locations":[{"start":{"line":26,"column":37},"end":{"line":26,"column":53}},{"start":{"line":26,"column":57},"end":{"line":26,"column":67}}],"line":26}},"s":{"0":1,"1":25,"2":25,"3":13,"4":12,"5":6,"6":6},"f":{"0":25},"b":{"0":[13,12],"1":[6,6],"2":[6,5],"3":[5,0],"4":[6,1]},"_coverageSchema":"1a1c01bbd47fc00a2c39e90264f33305004495a9","hash":"0020c8eb5da3648d3d94b2c0eec987b92b8e8c6f"}
,"/Users/ethan/Desktop/Github/Gauntlet/CollabCanvas/collabcanvas-app/src/components/auth/PrivateRoute.jsx": {"path":"/Users/ethan/Desktop/Github/Gauntlet/CollabCanvas/collabcanvas-app/src/components/auth/PrivateRoute.jsx","statementMap":{"0":{"start":{"line":4,"column":21},"end":{"line":28,"column":1}},"1":{"start":{"line":5,"column":28},"end":{"line":5,"column":37}},"2":{"start":{"line":7,"column":2},"end":{"line":14,"column":3}},"3":{"start":{"line":8,"column":4},"end":{"line":13,"column":6}},"4":{"start":{"line":16,"column":2},"end":{"line":25,"column":3}},"5":{"start":{"line":17,"column":4},"end":{"line":24,"column":6}},"6":{"start":{"line":27,"column":2},"end":{"line":27,"column":18}}},"fnMap":{"0":{"name":"(anonymous_0)","decl":{"start":{"line":4,"column":21},"end":{"line":4,"column":22}},"loc":{"start":{"line":4,"column":39},"end":{"line":28,"column":1}},"line":4}},"branchMap":{"0":{"loc":{"start":{"line":7,"column":2},"end":{"line":14,"column":3}},"type":"if","locations":[{"start":{"line":7,"column":2},"end":{"line":14,"column":3}},{"start":{},"end":{}}],"line":7},"1":{"loc":{"start":{"line":16,"column":2},"end":{"line":25,"column":3}},"type":"if","locations":[{"start":{"line":16,"column":2},"end":{"line":25,"column":3}},{"start":{},"end":{}}],"line":16}},"s":{"0":1,"1":11,"2":11,"3":6,"4":5,"5":2,"6":3},"f":{"0":11},"b":{"0":[6,5],"1":[2,3]},"_coverageSchema":"1a1c01bbd47fc00a2c39e90264f33305004495a9","hash":"d7dde1b542d1cd3b586553b9575d191221809947"}
,"/Users/ethan/Desktop/Github/Gauntlet/CollabCanvas/collabcanvas-app/src/components/canvas/Canvas.jsx": {"path":"/Users/ethan/Desktop/Github/Gauntlet/CollabCanvas/collabcanvas-app/src/components/canvas/Canvas.jsx","statementMap":{"0":{"start":{"line":15,"column":15},"end":{"line":152,"column":1}},"1":{"start":{"line":16,"column":19},"end":{"line":16,"column":31}},"2":{"start":{"line":17,"column":20},"end":{"line":17,"column":31}},"3":{"start":{"line":18,"column":18},"end":{"line":18,"column":36}},"4":{"start":{"line":20,"column":74},"end":{"line":20,"column":79}},"5":{"start":{"line":23,"column":2},"end":{"line":33,"column":16}},"6":{"start":{"line":24,"column":25},"end":{"line":29,"column":5}},"7":{"start":{"line":25,"column":6},"end":{"line":28,"column":9}},"8":{"start":{"line":31,"column":4},"end":{"line":31,"column":52}},"9":{"start":{"line":32,"column":4},"end":{"line":32,"column":68}},"10":{"start":{"line":32,"column":17},"end":{"line":32,"column":67}},"11":{"start":{"line":36,"column":22},"end":{"line":56,"column":15}},"12":{"start":{"line":37,"column":4},"end":{"line":37,"column":27}},"13":{"start":{"line":39,"column":18},"end":{"line":39,"column":34}},"14":{"start":{"line":40,"column":4},"end":{"line":40,"column":23}},"15":{"start":{"line":40,"column":16},"end":{"line":40,"column":23}},"16":{"start":{"line":42,"column":21},"end":{"line":42,"column":35}},"17":{"start":{"line":43,"column":20},"end":{"line":43,"column":46}},"18":{"start":{"line":45,"column":4},"end":{"line":45,"column":25}},"19":{"start":{"line":45,"column":18},"end":{"line":45,"column":25}},"20":{"start":{"line":47,"column":21},"end":{"line":47,"column":62}},"21":{"start":{"line":50,"column":4},"end":{"line":55,"column":5}},"22":{"start":{"line":51,"column":26},"end":{"line":51,"column":83}},"23":{"start":{"line":53,"column":6},"end":{"line":53,"column":33}},"24":{"start":{"line":54,"column":6},"end":{"line":54,"column":39}},"25":{"start":{"line":59,"column":27},"end":{"line":81,"column":45}},"26":{"start":{"line":61,"column":4},"end":{"line":80,"column":5}},"27":{"start":{"line":62,"column":6},"end":{"line":79,"column":7}},"28":{"start":{"line":64,"column":22},"end":{"line":64,"column":38}},"29":{"start":{"line":65,"column":32},"end":{"line":65,"column":58}},"30":{"start":{"line":68,"column":18},"end":{"line":68,"column":58}},"31":{"start":{"line":69,"column":18},"end":{"line":69,"column":58}},"32":{"start":{"line":71,"column":25},"end":{"line":71,"column":55}},"33":{"start":{"line":72,"column":8},"end":{"line":72,"column":35}},"34":{"start":{"line":78,"column":8},"end":{"line":78,"column":33}},"35":{"start":{"line":84,"column":2},"end":{"line":101,"column":28}},"36":{"start":{"line":85,"column":26},"end":{"line":97,"column":5}},"37":{"start":{"line":87,"column":6},"end":{"line":90,"column":7}},"38":{"start":{"line":88,"column":8},"end":{"line":88,"column":27}},"39":{"start":{"line":89,"column":8},"end":{"line":89,"column":40}},"40":{"start":{"line":93,"column":6},"end":{"line":96,"column":7}},"41":{"start":{"line":94,"column":8},"end":{"line":94,"column":33}},"42":{"start":{"line":95,"column":8},"end":{"line":95,"column":37}},"43":{"start":{"line":99,"column":4},"end":{"line":99,"column":54}},"44":{"start":{"line":100,"column":4},"end":{"line":100,"column":70}},"45":{"start":{"line":100,"column":17},"end":{"line":100,"column":69}},"46":{"start":{"line":103,"column":2},"end":{"line":151,"column":4}},"47":{"start":{"line":133,"column":12},"end":{"line":146,"column":14}},"48":{"start":{"line":139,"column":16},"end":{"line":141,"column":17}},"49":{"start":{"line":140,"column":18},"end":{"line":140,"column":50}},"50":{"start":{"line":144,"column":16},"end":{"line":144,"column":56}}},"fnMap":{"0":{"name":"(anonymous_0)","decl":{"start":{"line":15,"column":15},"end":{"line":15,"column":16}},"loc":{"start":{"line":15,"column":41},"end":{"line":152,"column":1}},"line":15},"1":{"name":"(anonymous_1)","decl":{"start":{"line":23,"column":12},"end":{"line":23,"column":13}},"loc":{"start":{"line":23,"column":18},"end":{"line":33,"column":3}},"line":23},"2":{"name":"(anonymous_2)","decl":{"start":{"line":24,"column":25},"end":{"line":24,"column":26}},"loc":{"start":{"line":24,"column":31},"end":{"line":29,"column":5}},"line":24},"3":{"name":"(anonymous_3)","decl":{"start":{"line":32,"column":11},"end":{"line":32,"column":12}},"loc":{"start":{"line":32,"column":17},"end":{"line":32,"column":67}},"line":32},"4":{"name":"(anonymous_4)","decl":{"start":{"line":36,"column":34},"end":{"line":36,"column":35}},"loc":{"start":{"line":36,"column":41},"end":{"line":56,"column":3}},"line":36},"5":{"name":"(anonymous_5)","decl":{"start":{"line":59,"column":39},"end":{"line":59,"column":40}},"loc":{"start":{"line":59,"column":46},"end":{"line":81,"column":3}},"line":59},"6":{"name":"(anonymous_6)","decl":{"start":{"line":84,"column":12},"end":{"line":84,"column":13}},"loc":{"start":{"line":84,"column":18},"end":{"line":101,"column":3}},"line":84},"7":{"name":"(anonymous_7)","decl":{"start":{"line":85,"column":26},"end":{"line":85,"column":27}},"loc":{"start":{"line":85,"column":33},"end":{"line":97,"column":5}},"line":85},"8":{"name":"(anonymous_8)","decl":{"start":{"line":100,"column":11},"end":{"line":100,"column":12}},"loc":{"start":{"line":100,"column":17},"end":{"line":100,"column":69}},"line":100},"9":{"name":"(anonymous_9)","decl":{"start":{"line":132,"column":22},"end":{"line":132,"column":23}},"loc":{"start":{"line":133,"column":12},"end":{"line":146,"column":14}},"line":133},"10":{"name":"(anonymous_10)","decl":{"start":{"line":137,"column":24},"end":{"line":137,"column":25}},"loc":{"start":{"line":137,"column":30},"end":{"line":142,"column":15}},"line":137},"11":{"name":"(anonymous_11)","decl":{"start":{"line":143,"column":24},"end":{"line":143,"column":25}},"loc":{"start":{"line":143,"column":38},"end":{"line":145,"column":15}},"line":143}},"branchMap":{"0":{"loc":{"start":{"line":15,"column":18},"end":{"line":15,"column":34}},"type":"default-arg","locations":[{"start":{"line":15,"column":29},"end":{"line":15,"column":34}}],"line":15},"1":{"loc":{"start":{"line":40,"column":4},"end":{"line":40,"column":23}},"type":"if","locations":[{"start":{"line":40,"column":4},"end":{"line":40,"column":23}},{"start":{},"end":{}}],"line":40},"2":{"loc":{"start":{"line":45,"column":4},"end":{"line":45,"column":25}},"type":"if","locations":[{"start":{"line":45,"column":4},"end":{"line":45,"column":25}},{"start":{},"end":{}}],"line":45},"3":{"loc":{"start":{"line":50,"column":4},"end":{"line":55,"column":5}},"type":"if","locations":[{"start":{"line":50,"column":4},"end":{"line":55,"column":5}},{"start":{},"end":{}}],"line":50},"4":{"loc":{"start":{"line":61,"column":4},"end":{"line":80,"column":5}},"type":"if","locations":[{"start":{"line":61,"column":4},"end":{"line":80,"column":5}},{"start":{},"end":{}}],"line":61},"5":{"loc":{"start":{"line":62,"column":6},"end":{"line":79,"column":7}},"type":"if","locations":[{"start":{"line":62,"column":6},"end":{"line":79,"column":7}},{"start":{"line":76,"column":13},"end":{"line":79,"column":7}}],"line":62},"6":{"loc":{"start":{"line":87,"column":6},"end":{"line":90,"column":7}},"type":"if","locations":[{"start":{"line":87,"column":6},"end":{"line":90,"column":7}},{"start":{},"end":{}}],"line":87},"7":{"loc":{"start":{"line":87,"column":10},"end":{"line":87,"column":69}},"type":"binary-expr","locations":[{"start":{"line":87,"column":11},"end":{"line":87,"column":29}},{"start":{"line":87,"column":33},"end":{"line":87,"column":54}},{"start":{"line":87,"column":59},"end":{"line":87,"column":69}}],"line":87},"8":{"loc":{"start":{"line":93,"column":6},"end":{"line":96,"column":7}},"type":"if","locations":[{"start":{"line":93,"column":6},"end":{"line":96,"column":7}},{"start":{},"end":{}}],"line":93},"9":{"loc":{"start":{"line":119,"column":9},"end":{"line":128,"column":9}},"type":"binary-expr","locations":[{"start":{"line":119,"column":9},"end":{"line":119,"column":17}},{"start":{"line":120,"column":10},"end":{"line":127,"column":18}}],"line":119},"10":{"loc":{"start":{"line":139,"column":16},"end":{"line":141,"column":17}},"type":"if","locations":[{"start":{"line":139,"column":16},"end":{"line":141,"column":17}},{"start":{},"end":{}}],"line":139}},"s":{"0":1,"1":18,"2":18,"3":18,"4":18,"5":18,"6":10,"7":0,"8":10,"9":10,"10":10,"11":18,"12":0,"13":0,"14":0,"15":0,"16":0,"17":0,"18":0,"19":0,"20":0,"21":0,"22":0,"23":0,"24":0,"25":18,"26":8,"27":0,"28":0,"29":0,"30":0,"31":0,"32":0,"33":0,"34":0,"35":18,"36":10,"37":0,"38":0,"39":0,"40":0,"41":0,"42":0,"43":10,"44":10,"45":10,"46":18,"47":0,"48":0,"49":0,"50":0},"f":{"0":18,"1":10,"2":0,"3":10,"4":0,"5":8,"6":10,"7":0,"8":10,"9":0,"10":0,"11":0},"b":{"0":[16],"1":[0,0],"2":[0,0],"3":[0,0],"4":[0,0],"5":[0,0],"6":[0,0],"7":[0,0,0],"8":[0,0],"9":[18,1],"10":[0,0]},"_coverageSchema":"1a1c01bbd47fc00a2c39e90264f33305004495a9","hash":"48216b51f10b78a9c911d2ce498c9a84daf992a5"}
,"/Users/ethan/Desktop/Github/Gauntlet/CollabCanvas/collabcanvas-app/src/components/canvas/GridBackground.jsx": {"path":"/Users/ethan/Desktop/Github/Gauntlet/CollabCanvas/collabcanvas-app/src/components/canvas/GridBackground.jsx","statementMap":{"0":{"start":{"line":8,"column":23},"end":{"line":42,"column":1}},"1":{"start":{"line":9,"column":16},"end":{"line":9,"column":18}},"2":{"start":{"line":12,"column":17},"end":{"line":12,"column":58}},"3":{"start":{"line":13,"column":15},"end":{"line":13,"column":30}},"4":{"start":{"line":14,"column":17},"end":{"line":14,"column":58}},"5":{"start":{"line":15,"column":15},"end":{"line":15,"column":31}},"6":{"start":{"line":18,"column":2},"end":{"line":27,"column":3}},"7":{"start":{"line":18,"column":15},"end":{"line":18,"column":21}},"8":{"start":{"line":19,"column":4},"end":{"line":26,"column":6}},"9":{"start":{"line":30,"column":2},"end":{"line":39,"column":3}},"10":{"start":{"line":30,"column":15},"end":{"line":30,"column":21}},"11":{"start":{"line":31,"column":4},"end":{"line":38,"column":6}},"12":{"start":{"line":41,"column":2},"end":{"line":41,"column":22}}},"fnMap":{"0":{"name":"(anonymous_0)","decl":{"start":{"line":8,"column":23},"end":{"line":8,"column":24}},"loc":{"start":{"line":8,"column":109},"end":{"line":42,"column":1}},"line":8}},"branchMap":{"0":{"loc":{"start":{"line":8,"column":41},"end":{"line":8,"column":52}},"type":"default-arg","locations":[{"start":{"line":8,"column":51},"end":{"line":8,"column":52}}],"line":8},"1":{"loc":{"start":{"line":8,"column":54},"end":{"line":8,"column":65}},"type":"default-arg","locations":[{"start":{"line":8,"column":64},"end":{"line":8,"column":65}}],"line":8},"2":{"loc":{"start":{"line":8,"column":67},"end":{"line":8,"column":80}},"type":"default-arg","locations":[{"start":{"line":8,"column":78},"end":{"line":8,"column":80}}],"line":8},"3":{"loc":{"start":{"line":8,"column":82},"end":{"line":8,"column":102}},"type":"default-arg","locations":[{"start":{"line":8,"column":96},"end":{"line":8,"column":102}}],"line":8}},"s":{"0":1,"1":1,"2":1,"3":1,"4":1,"5":1,"6":1,"7":1,"8":21,"9":1,"10":1,"11":16,"12":1},"f":{"0":1},"b":{"0":[0],"1":[0],"2":[1],"3":[1]},"_coverageSchema":"1a1c01bbd47fc00a2c39e90264f33305004495a9","hash":"26f4eb2262eb01cba5ed1246e5c5b1d41441546f"}
,"/Users/ethan/Desktop/Github/Gauntlet/CollabCanvas/collabcanvas-app/src/components/canvas/Shape.jsx": {"path":"/Users/ethan/Desktop/Github/Gauntlet/CollabCanvas/collabcanvas-app/src/components/canvas/Shape.jsx","statementMap":{"0":{"start":{"line":10,"column":14},"end":{"line":134,"column":1}},"1":{"start":{"line":11,"column":19},"end":{"line":11,"column":27}},"2":{"start":{"line":12,"column":25},"end":{"line":12,"column":33}},"3":{"start":{"line":15,"column":2},"end":{"line":20,"column":19}},"4":{"start":{"line":16,"column":4},"end":{"line":19,"column":5}},"5":{"start":{"line":17,"column":6},"end":{"line":17,"column":55}},"6":{"start":{"line":18,"column":6},"end":{"line":18,"column":52}},"7":{"start":{"line":22,"column":24},"end":{"line":27,"column":3}},"8":{"start":{"line":23,"column":4},"end":{"line":26,"column":7}},"9":{"start":{"line":29,"column":29},"end":{"line":57,"column":3}},"10":{"start":{"line":30,"column":17},"end":{"line":30,"column":33}},"11":{"start":{"line":31,"column":4},"end":{"line":31,"column":22}},"12":{"start":{"line":31,"column":15},"end":{"line":31,"column":22}},"13":{"start":{"line":33,"column":19},"end":{"line":33,"column":32}},"14":{"start":{"line":34,"column":19},"end":{"line":34,"column":32}},"15":{"start":{"line":37,"column":4},"end":{"line":37,"column":19}},"16":{"start":{"line":38,"column":4},"end":{"line":38,"column":19}},"17":{"start":{"line":40,"column":20},"end":{"line":44,"column":5}},"18":{"start":{"line":47,"column":4},"end":{"line":54,"column":5}},"19":{"start":{"line":48,"column":6},"end":{"line":48,"column":57}},"20":{"start":{"line":49,"column":6},"end":{"line":49,"column":59}},"21":{"start":{"line":50,"column":11},"end":{"line":54,"column":5}},"22":{"start":{"line":51,"column":6},"end":{"line":51,"column":77}},"23":{"start":{"line":52,"column":11},"end":{"line":54,"column":5}},"24":{"start":{"line":53,"column":6},"end":{"line":53,"column":63}},"25":{"start":{"line":56,"column":4},"end":{"line":56,"column":22}},"26":{"start":{"line":60,"column":22},"end":{"line":115,"column":3}},"27":{"start":{"line":61,"column":24},"end":{"line":68,"column":5}},"28":{"start":{"line":70,"column":4},"end":{"line":114,"column":5}},"29":{"start":{"line":72,"column":8},"end":{"line":84,"column":10}},"30":{"start":{"line":87,"column":8},"end":{"line":97,"column":10}},"31":{"start":{"line":100,"column":8},"end":{"line":110,"column":10}},"32":{"start":{"line":113,"column":8},"end":{"line":113,"column":20}},"33":{"start":{"line":117,"column":2},"end":{"line":133,"column":4}},"34":{"start":{"line":125,"column":12},"end":{"line":127,"column":13}},"35":{"start":{"line":126,"column":14},"end":{"line":126,"column":28}},"36":{"start":{"line":128,"column":12},"end":{"line":128,"column":26}}},"fnMap":{"0":{"name":"(anonymous_0)","decl":{"start":{"line":10,"column":14},"end":{"line":10,"column":15}},"loc":{"start":{"line":10,"column":61},"end":{"line":134,"column":1}},"line":10},"1":{"name":"(anonymous_1)","decl":{"start":{"line":15,"column":12},"end":{"line":15,"column":13}},"loc":{"start":{"line":15,"column":18},"end":{"line":20,"column":3}},"line":15},"2":{"name":"(anonymous_2)","decl":{"start":{"line":22,"column":24},"end":{"line":22,"column":25}},"loc":{"start":{"line":22,"column":31},"end":{"line":27,"column":3}},"line":22},"3":{"name":"(anonymous_3)","decl":{"start":{"line":29,"column":29},"end":{"line":29,"column":30}},"loc":{"start":{"line":29,"column":35},"end":{"line":57,"column":3}},"line":29},"4":{"name":"(anonymous_4)","decl":{"start":{"line":60,"column":22},"end":{"line":60,"column":23}},"loc":{"start":{"line":60,"column":28},"end":{"line":115,"column":3}},"line":60},"5":{"name":"(anonymous_5)","decl":{"start":{"line":123,"column":24},"end":{"line":123,"column":25}},"loc":{"start":{"line":123,"column":44},"end":{"line":129,"column":11}},"line":123}},"branchMap":{"0":{"loc":{"start":{"line":16,"column":4},"end":{"line":19,"column":5}},"type":"if","locations":[{"start":{"line":16,"column":4},"end":{"line":19,"column":5}},{"start":{},"end":{}}],"line":16},"1":{"loc":{"start":{"line":16,"column":8},"end":{"line":16,"column":64}},"type":"binary-expr","locations":[{"start":{"line":16,"column":8},"end":{"line":16,"column":18}},{"start":{"line":16,"column":22},"end":{"line":16,"column":44}},{"start":{"line":16,"column":48},"end":{"line":16,"column":64}}],"line":16},"2":{"loc":{"start":{"line":31,"column":4},"end":{"line":31,"column":22}},"type":"if","locations":[{"start":{"line":31,"column":4},"end":{"line":31,"column":22}},{"start":{},"end":{}}],"line":31},"3":{"loc":{"start":{"line":47,"column":4},"end":{"line":54,"column":5}},"type":"if","locations":[{"start":{"line":47,"column":4},"end":{"line":54,"column":5}},{"start":{"line":50,"column":11},"end":{"line":54,"column":5}}],"line":47},"4":{"loc":{"start":{"line":50,"column":11},"end":{"line":54,"column":5}},"type":"if","locations":[{"start":{"line":50,"column":11},"end":{"line":54,"column":5}},{"start":{"line":52,"column":11},"end":{"line":54,"column":5}}],"line":50},"5":{"loc":{"start":{"line":52,"column":11},"end":{"line":54,"column":5}},"type":"if","locations":[{"start":{"line":52,"column":11},"end":{"line":54,"column":5}},{"start":{},"end":{}}],"line":52},"6":{"loc":{"start":{"line":70,"column":4},"end":{"line":114,"column":5}},"type":"switch","locations":[{"start":{"line":71,"column":6},"end":{"line":84,"column":10}},{"start":{"line":86,"column":6},"end":{"line":97,"column":10}},{"start":{"line":99,"column":6},"end":{"line":110,"column":10}},{"start":{"line":112,"column":6},"end":{"line":113,"column":20}}],"line":70},"7":{"loc":{"start":{"line":82,"column":22},"end":{"line":82,"column":41}},"type":"binary-expr","locations":[{"start":{"line":82,"column":22},"end":{"line":82,"column":36}},{"start":{"line":82,"column":40},"end":{"line":82,"column":41}}],"line":82},"8":{"loc":{"start":{"line":120,"column":7},"end":{"line":131,"column":7}},"type":"binary-expr","locations":[{"start":{"line":120,"column":7},"end":{"line":120,"column":17}},{"start":{"line":121,"column":8},"end":{"line":130,"column":10}}],"line":120},"9":{"loc":{"start":{"line":125,"column":12},"end":{"line":127,"column":13}},"type":"if","locations":[{"start":{"line":125,"column":12},"end":{"line":127,"column":13}},{"start":{},"end":{}}],"line":125},"10":{"loc":{"start":{"line":125,"column":16},"end":{"line":125,"column":53}},"type":"binary-expr","locations":[{"start":{"line":125,"column":16},"end":{"line":125,"column":32}},{"start":{"line":125,"column":36},"end":{"line":125,"column":53}}],"line":125}},"s":{"0":1,"1":0,"2":0,"3":0,"4":0,"5":0,"6":0,"7":0,"8":0,"9":0,"10":0,"11":0,"12":0,"13":0,"14":0,"15":0,"16":0,"17":0,"18":0,"19":0,"20":0,"21":0,"22":0,"23":0,"24":0,"25":0,"26":0,"27":0,"28":0,"29":0,"30":0,"31":0,"32":0,"33":0,"34":0,"35":0,"36":0},"f":{"0":0,"1":0,"2":0,"3":0,"4":0,"5":0},"b":{"0":[0,0],"1":[0,0,0],"2":[0,0],"3":[0,0],"4":[0,0],"5":[0,0],"6":[0,0,0,0],"7":[0,0],"8":[0,0],"9":[0,0],"10":[0,0]},"_coverageSchema":"1a1c01bbd47fc00a2c39e90264f33305004495a9","hash":"737c357294d9c05c46c67e1045f87a36221dca66"}
,"/Users/ethan/Desktop/Github/Gauntlet/CollabCanvas/collabcanvas-app/src/components/canvas/Toolbar.jsx": {"path":"/Users/ethan/Desktop/Github/Gauntlet/CollabCanvas/collabcanvas-app/src/components/canvas/Toolbar.jsx","statementMap":{"0":{"start":{"line":10,"column":16},"end":{"line":51,"column":1}},"1":{"start":{"line":11,"column":20},"end":{"line":11,"column":31}},"2":{"start":{"line":12,"column":18},"end":{"line":12,"column":36}},"3":{"start":{"line":13,"column":26},"end":{"line":13,"column":31}},"4":{"start":{"line":15,"column":16},"end":{"line":20,"column":3}},"5":{"start":{"line":22,"column":26},"end":{"line":24,"column":3}},"6":{"start":{"line":23,"column":4},"end":{"line":23,"column":35}},"7":{"start":{"line":26,"column":2},"end":{"line":50,"column":4}},"8":{"start":{"line":31,"column":10},"end":{"line":39,"column":19}},"9":{"start":{"line":34,"column":27},"end":{"line":34,"column":51}}},"fnMap":{"0":{"name":"(anonymous_0)","decl":{"start":{"line":10,"column":16},"end":{"line":10,"column":17}},"loc":{"start":{"line":10,"column":22},"end":{"line":51,"column":1}},"line":10},"1":{"name":"(anonymous_1)","decl":{"start":{"line":22,"column":26},"end":{"line":22,"column":27}},"loc":{"start":{"line":22,"column":38},"end":{"line":24,"column":3}},"line":22},"2":{"name":"(anonymous_2)","decl":{"start":{"line":30,"column":19},"end":{"line":30,"column":20}},"loc":{"start":{"line":31,"column":10},"end":{"line":39,"column":19}},"line":31},"3":{"name":"(anonymous_3)","decl":{"start":{"line":34,"column":21},"end":{"line":34,"column":22}},"loc":{"start":{"line":34,"column":27},"end":{"line":34,"column":51}},"line":34}},"branchMap":{"0":{"loc":{"start":{"line":32,"column":17},"end":{"line":32,"column":36}},"type":"binary-expr","locations":[{"start":{"line":32,"column":17},"end":{"line":32,"column":24}},{"start":{"line":32,"column":28},"end":{"line":32,"column":36}}],"line":32},"1":{"loc":{"start":{"line":33,"column":41},"end":{"line":33,"column":80}},"type":"cond-expr","locations":[{"start":{"line":33,"column":67},"end":{"line":33,"column":75}},{"start":{"line":33,"column":78},"end":{"line":33,"column":80}}],"line":33},"2":{"loc":{"start":{"line":43,"column":9},"end":{"line":47,"column":9}},"type":"cond-expr","locations":[{"start":{"line":44,"column":10},"end":{"line":44,"column":59}},{"start":{"line":46,"column":10},"end":{"line":46,"column":45}}],"line":43}},"s":{"0":1,"1":22,"2":22,"3":22,"4":22,"5":22,"6":12,"7":22,"8":88,"9":12},"f":{"0":22,"1":12,"2":88,"3":12},"b":{"0":[88,22],"1":[22,66],"2":[11,11]},"_coverageSchema":"1a1c01bbd47fc00a2c39e90264f33305004495a9","hash":"fa10c812d3e44ae8185069fb6a5e38cba525e7a2"}
,"/Users/ethan/Desktop/Github/Gauntlet/CollabCanvas/collabcanvas-app/src/context/AuthContext.jsx": {"path":"/Users/ethan/Desktop/Github/Gauntlet/CollabCanvas/collabcanvas-app/src/context/AuthContext.jsx","statementMap":{"0":{"start":{"line":9,"column":20},"end":{"line":9,"column":39}},"1":{"start":{"line":11,"column":23},"end":{"line":17,"column":1}},"2":{"start":{"line":12,"column":18},"end":{"line":12,"column":41}},"3":{"start":{"line":13,"column":2},"end":{"line":15,"column":3}},"4":{"start":{"line":14,"column":4},"end":{"line":14,"column":64}},"5":{"start":{"line":16,"column":2},"end":{"line":16,"column":17}},"6":{"start":{"line":19,"column":28},"end":{"line":100,"column":1}},"7":{"start":{"line":20,"column":26},"end":{"line":20,"column":40}},"8":{"start":{"line":21,"column":32},"end":{"line":21,"column":46}},"9":{"start":{"line":22,"column":28},"end":{"line":22,"column":42}},"10":{"start":{"line":24,"column":2},"end":{"line":53,"column":9}},"11":{"start":{"line":26,"column":24},"end":{"line":49,"column":5}},"12":{"start":{"line":29,"column":8},"end":{"line":40,"column":9}},"13":{"start":{"line":31,"column":10},"end":{"line":36,"column":13}},"14":{"start":{"line":39,"column":10},"end":{"line":39,"column":24}},"15":{"start":{"line":41,"column":8},"end":{"line":41,"column":26}},"16":{"start":{"line":42,"column":8},"end":{"line":42,"column":23}},"17":{"start":{"line":45,"column":8},"end":{"line":45,"column":55}},"18":{"start":{"line":46,"column":8},"end":{"line":46,"column":30}},"19":{"start":{"line":47,"column":8},"end":{"line":47,"column":26}},"20":{"start":{"line":52,"column":4},"end":{"line":52,"column":31}},"21":{"start":{"line":52,"column":17},"end":{"line":52,"column":30}},"22":{"start":{"line":55,"column":27},"end":{"line":74,"column":3}},"23":{"start":{"line":56,"column":4},"end":{"line":73,"column":5}},"24":{"start":{"line":57,"column":6},"end":{"line":57,"column":23}},"25":{"start":{"line":58,"column":6},"end":{"line":58,"column":21}},"26":{"start":{"line":59,"column":21},"end":{"line":59,"column":64}},"27":{"start":{"line":60,"column":6},"end":{"line":65,"column":9}},"28":{"start":{"line":66,"column":6},"end":{"line":66,"column":25}},"29":{"start":{"line":68,"column":6},"end":{"line":68,"column":43}},"30":{"start":{"line":69,"column":6},"end":{"line":69,"column":28}},"31":{"start":{"line":70,"column":6},"end":{"line":70,"column":16}},"32":{"start":{"line":72,"column":6},"end":{"line":72,"column":24}},"33":{"start":{"line":76,"column":18},"end":{"line":89,"column":3}},"34":{"start":{"line":77,"column":4},"end":{"line":88,"column":5}},"35":{"start":{"line":78,"column":6},"end":{"line":78,"column":23}},"36":{"start":{"line":79,"column":6},"end":{"line":79,"column":21}},"37":{"start":{"line":80,"column":6},"end":{"line":80,"column":34}},"38":{"start":{"line":81,"column":6},"end":{"line":81,"column":20}},"39":{"start":{"line":83,"column":6},"end":{"line":83,"column":44}},"40":{"start":{"line":84,"column":6},"end":{"line":84,"column":28}},"41":{"start":{"line":85,"column":6},"end":{"line":85,"column":16}},"42":{"start":{"line":87,"column":6},"end":{"line":87,"column":24}},"43":{"start":{"line":91,"column":16},"end":{"line":97,"column":3}},"44":{"start":{"line":99,"column":2},"end":{"line":99,"column":79}}},"fnMap":{"0":{"name":"(anonymous_0)","decl":{"start":{"line":11,"column":23},"end":{"line":11,"column":24}},"loc":{"start":{"line":11,"column":29},"end":{"line":17,"column":1}},"line":11},"1":{"name":"(anonymous_1)","decl":{"start":{"line":19,"column":28},"end":{"line":19,"column":29}},"loc":{"start":{"line":19,"column":46},"end":{"line":100,"column":1}},"line":19},"2":{"name":"(anonymous_2)","decl":{"start":{"line":24,"column":12},"end":{"line":24,"column":13}},"loc":{"start":{"line":24,"column":18},"end":{"line":53,"column":3}},"line":24},"3":{"name":"(anonymous_3)","decl":{"start":{"line":28,"column":6},"end":{"line":28,"column":7}},"loc":{"start":{"line":28,"column":24},"end":{"line":43,"column":7}},"line":28},"4":{"name":"(anonymous_4)","decl":{"start":{"line":44,"column":6},"end":{"line":44,"column":7}},"loc":{"start":{"line":44,"column":15},"end":{"line":48,"column":7}},"line":44},"5":{"name":"(anonymous_5)","decl":{"start":{"line":52,"column":11},"end":{"line":52,"column":12}},"loc":{"start":{"line":52,"column":17},"end":{"line":52,"column":30}},"line":52},"6":{"name":"(anonymous_6)","decl":{"start":{"line":55,"column":27},"end":{"line":55,"column":28}},"loc":{"start":{"line":55,"column":39},"end":{"line":74,"column":3}},"line":55},"7":{"name":"(anonymous_7)","decl":{"start":{"line":76,"column":18},"end":{"line":76,"column":19}},"loc":{"start":{"line":76,"column":30},"end":{"line":89,"column":3}},"line":76}},"branchMap":{"0":{"loc":{"start":{"line":13,"column":2},"end":{"line":15,"column":3}},"type":"if","locations":[{"start":{"line":13,"column":2},"end":{"line":15,"column":3}},{"start":{},"end":{}}],"line":13},"1":{"loc":{"start":{"line":29,"column":8},"end":{"line":40,"column":9}},"type":"if","locations":[{"start":{"line":29,"column":8},"end":{"line":40,"column":9}},{"start":{"line":37,"column":15},"end":{"line":40,"column":9}}],"line":29}},"s":{"0":3,"1":3,"2":59,"3":59,"4":2,"5":57,"6":3,"7":58,"8":58,"9":58,"10":58,"11":25,"12":20,"13":10,"14":10,"15":20,"16":20,"17":1,"18":1,"19":1,"20":25,"21":25,"22":58,"23":5,"24":5,"25":5,"26":5,"27":3,"28":3,"29":1,"30":1,"31":1,"32":4,"33":58,"34":4,"35":4,"36":4,"37":4,"38":3,"39":1,"40":1,"41":1,"42":4,"43":58,"44":58},"f":{"0":59,"1":58,"2":25,"3":20,"4":1,"5":25,"6":5,"7":4},"b":{"0":[2,57],"1":[10,10]},"_coverageSchema":"1a1c01bbd47fc00a2c39e90264f33305004495a9","hash":"b49ccdfaeb08d2b8a1f237aa49eb27a7d0d46c9c"}
,"/Users/ethan/Desktop/Github/Gauntlet/CollabCanvas/collabcanvas-app/src/context/CanvasContext.jsx": {"path":"/Users/ethan/Desktop/Github/Gauntlet/CollabCanvas/collabcanvas-app/src/context/CanvasContext.jsx","statementMap":{"0":{"start":{"line":8,"column":22},"end":{"line":8,"column":41}},"1":{"start":{"line":11,"column":30},"end":{"line":29,"column":1}},"2":{"start":{"line":32,"column":21},"end":{"line":39,"column":1}},"3":{"start":{"line":42,"column":22},"end":{"line":113,"column":1}},"4":{"start":{"line":43,"column":2},"end":{"line":112,"column":3}},"5":{"start":{"line":45,"column":6},"end":{"line":48,"column":8}},"6":{"start":{"line":51,"column":6},"end":{"line":58,"column":8}},"7":{"start":{"line":54,"column":10},"end":{"line":56,"column":19}},"8":{"start":{"line":61,"column":6},"end":{"line":65,"column":8}},"9":{"start":{"line":63,"column":45},"end":{"line":63,"column":72}},"10":{"start":{"line":68,"column":6},"end":{"line":71,"column":8}},"11":{"start":{"line":74,"column":6},"end":{"line":77,"column":8}},"12":{"start":{"line":80,"column":6},"end":{"line":83,"column":8}},"13":{"start":{"line":86,"column":6},"end":{"line":90,"column":8}},"14":{"start":{"line":93,"column":6},"end":{"line":96,"column":8}},"15":{"start":{"line":99,"column":6},"end":{"line":102,"column":8}},"16":{"start":{"line":105,"column":6},"end":{"line":108,"column":8}},"17":{"start":{"line":111,"column":6},"end":{"line":111,"column":19}},"18":{"start":{"line":119,"column":30},"end":{"line":130,"column":1}},"19":{"start":{"line":120,"column":28},"end":{"line":120,"column":67}},"20":{"start":{"line":123,"column":16},"end":{"line":123,"column":61}},"21":{"start":{"line":123,"column":31},"end":{"line":123,"column":50}},"22":{"start":{"line":125,"column":2},"end":{"line":129,"column":4}},"23":{"start":{"line":136,"column":25},"end":{"line":142,"column":1}},"24":{"start":{"line":137,"column":18},"end":{"line":137,"column":43}},"25":{"start":{"line":138,"column":2},"end":{"line":140,"column":3}},"26":{"start":{"line":139,"column":4},"end":{"line":139,"column":70}},"27":{"start":{"line":141,"column":2},"end":{"line":141,"column":17}},"28":{"start":{"line":147,"column":32},"end":{"line":161,"column":1}},"29":{"start":{"line":148,"column":23},"end":{"line":148,"column":34}},"30":{"start":{"line":150,"column":2},"end":{"line":160,"column":18}},"31":{"start":{"line":150,"column":24},"end":{"line":160,"column":3}},"32":{"start":{"line":151,"column":25},"end":{"line":151,"column":85}},"33":{"start":{"line":152,"column":34},"end":{"line":152,"column":107}},"34":{"start":{"line":153,"column":25},"end":{"line":153,"column":85}},"35":{"start":{"line":154,"column":27},"end":{"line":154,"column":90}},"36":{"start":{"line":155,"column":26},"end":{"line":155,"column":76}},"37":{"start":{"line":156,"column":30},"end":{"line":156,"column":96}},"38":{"start":{"line":157,"column":25},"end":{"line":157,"column":85}},"39":{"start":{"line":158,"column":31},"end":{"line":158,"column":97}},"40":{"start":{"line":159,"column":28},"end":{"line":159,"column":92}}},"fnMap":{"0":{"name":"(anonymous_0)","decl":{"start":{"line":42,"column":22},"end":{"line":42,"column":23}},"loc":{"start":{"line":42,"column":41},"end":{"line":113,"column":1}},"line":42},"1":{"name":"(anonymous_1)","decl":{"start":{"line":53,"column":33},"end":{"line":53,"column":34}},"loc":{"start":{"line":54,"column":10},"end":{"line":56,"column":19}},"line":54},"2":{"name":"(anonymous_2)","decl":{"start":{"line":63,"column":36},"end":{"line":63,"column":37}},"loc":{"start":{"line":63,"column":45},"end":{"line":63,"column":72}},"line":63},"3":{"name":"(anonymous_3)","decl":{"start":{"line":119,"column":30},"end":{"line":119,"column":31}},"loc":{"start":{"line":119,"column":48},"end":{"line":130,"column":1}},"line":119},"4":{"name":"(anonymous_4)","decl":{"start":{"line":123,"column":24},"end":{"line":123,"column":25}},"loc":{"start":{"line":123,"column":31},"end":{"line":123,"column":50}},"line":123},"5":{"name":"(anonymous_5)","decl":{"start":{"line":136,"column":25},"end":{"line":136,"column":26}},"loc":{"start":{"line":136,"column":31},"end":{"line":142,"column":1}},"line":136},"6":{"name":"(anonymous_6)","decl":{"start":{"line":147,"column":32},"end":{"line":147,"column":33}},"loc":{"start":{"line":147,"column":38},"end":{"line":161,"column":1}},"line":147},"7":{"name":"(anonymous_7)","decl":{"start":{"line":150,"column":17},"end":{"line":150,"column":18}},"loc":{"start":{"line":150,"column":24},"end":{"line":160,"column":3}},"line":150},"8":{"name":"(anonymous_8)","decl":{"start":{"line":151,"column":14},"end":{"line":151,"column":15}},"loc":{"start":{"line":151,"column":25},"end":{"line":151,"column":85}},"line":151},"9":{"name":"(anonymous_9)","decl":{"start":{"line":152,"column":17},"end":{"line":152,"column":18}},"loc":{"start":{"line":152,"column":34},"end":{"line":152,"column":107}},"line":152},"10":{"name":"(anonymous_10)","decl":{"start":{"line":153,"column":17},"end":{"line":153,"column":18}},"loc":{"start":{"line":153,"column":25},"end":{"line":153,"column":85}},"line":153},"11":{"name":"(anonymous_11)","decl":{"start":{"line":154,"column":19},"end":{"line":154,"column":20}},"loc":{"start":{"line":154,"column":27},"end":{"line":154,"column":90}},"line":154},"12":{"name":"(anonymous_12)","decl":{"start":{"line":155,"column":20},"end":{"line":155,"column":21}},"loc":{"start":{"line":155,"column":26},"end":{"line":155,"column":76}},"line":155},"13":{"name":"(anonymous_13)","decl":{"start":{"line":156,"column":20},"end":{"line":156,"column":21}},"loc":{"start":{"line":156,"column":30},"end":{"line":156,"column":96}},"line":156},"14":{"name":"(anonymous_14)","decl":{"start":{"line":157,"column":14},"end":{"line":157,"column":15}},"loc":{"start":{"line":157,"column":25},"end":{"line":157,"column":85}},"line":157},"15":{"name":"(anonymous_15)","decl":{"start":{"line":158,"column":17},"end":{"line":158,"column":18}},"loc":{"start":{"line":158,"column":31},"end":{"line":158,"column":97}},"line":158},"16":{"name":"(anonymous_16)","decl":{"start":{"line":159,"column":18},"end":{"line":159,"column":19}},"loc":{"start":{"line":159,"column":28},"end":{"line":159,"column":92}},"line":159}},"branchMap":{"0":{"loc":{"start":{"line":43,"column":2},"end":{"line":112,"column":3}},"type":"switch","locations":[{"start":{"line":44,"column":4},"end":{"line":48,"column":8}},{"start":{"line":50,"column":4},"end":{"line":58,"column":8}},{"start":{"line":60,"column":4},"end":{"line":65,"column":8}},{"start":{"line":67,"column":4},"end":{"line":71,"column":8}},{"start":{"line":73,"column":4},"end":{"line":77,"column":8}},{"start":{"line":79,"column":4},"end":{"line":83,"column":8}},{"start":{"line":85,"column":4},"end":{"line":90,"column":8}},{"start":{"line":92,"column":4},"end":{"line":96,"column":8}},{"start":{"line":98,"column":4},"end":{"line":102,"column":8}},{"start":{"line":104,"column":4},"end":{"line":108,"column":8}},{"start":{"line":110,"column":4},"end":{"line":111,"column":19}}],"line":43},"1":{"loc":{"start":{"line":54,"column":10},"end":{"line":56,"column":19}},"type":"cond-expr","locations":[{"start":{"line":55,"column":14},"end":{"line":55,"column":53}},{"start":{"line":56,"column":14},"end":{"line":56,"column":19}}],"line":54},"2":{"loc":{"start":{"line":64,"column":20},"end":{"line":64,"column":81}},"type":"cond-expr","locations":[{"start":{"line":64,"column":58},"end":{"line":64,"column":62}},{"start":{"line":64,"column":65},"end":{"line":64,"column":81}}],"line":64},"3":{"loc":{"start":{"line":138,"column":2},"end":{"line":140,"column":3}},"type":"if","locations":[{"start":{"line":138,"column":2},"end":{"line":140,"column":3}},{"start":{},"end":{}}],"line":138}},"s":{"0":1,"1":1,"2":1,"3":1,"4":12,"5":0,"6":0,"7":0,"8":0,"9":0,"10":0,"11":0,"12":0,"13":12,"14":0,"15":0,"16":0,"17":0,"18":1,"19":25,"20":25,"21":25,"22":25,"23":1,"24":80,"25":80,"26":0,"27":80,"28":1,"29":40,"30":40,"31":20,"32":0,"33":0,"34":0,"35":0,"36":0,"37":12,"38":0,"39":0,"40":0},"f":{"0":12,"1":0,"2":0,"3":25,"4":25,"5":80,"6":40,"7":20,"8":0,"9":0,"10":0,"11":0,"12":0,"13":12,"14":0,"15":0,"16":0},"b":{"0":[0,0,0,0,0,0,12,0,0,0,0],"1":[0,0],"2":[0,0],"3":[0,80]},"_coverageSchema":"1a1c01bbd47fc00a2c39e90264f33305004495a9","hash":"146bc79d220a49015991435e43a1f1b6f71b2da3"}
,"/Users/ethan/Desktop/Github/Gauntlet/CollabCanvas/collabcanvas-app/src/utils/canvas.js": {"path":"/Users/ethan/Desktop/Github/Gauntlet/CollabCanvas/collabcanvas-app/src/utils/canvas.js","statementMap":{"0":{"start":{"line":6,"column":25},"end":{"line":6,"column":28}},"1":{"start":{"line":7,"column":25},"end":{"line":7,"column":28}},"2":{"start":{"line":8,"column":26},"end":{"line":8,"column":29}},"3":{"start":{"line":15,"column":30},"end":{"line":17,"column":1}},"4":{"start":{"line":16,"column":2},"end":{"line":16,"column":57}},"5":{"start":{"line":25,"column":33},"end":{"line":29,"column":1}},"6":{"start":{"line":26,"column":18},"end":{"line":26,"column":62}},"7":{"start":{"line":27,"column":19},"end":{"line":27,"column":41}},"8":{"start":{"line":28,"column":2},"end":{"line":28,"column":34}},"9":{"start":{"line":40,"column":37},"end":{"line":50,"column":1}},"10":{"start":{"line":41,"column":23},"end":{"line":44,"column":3}},"11":{"start":{"line":46,"column":2},"end":{"line":49,"column":4}}},"fnMap":{"0":{"name":"(anonymous_0)","decl":{"start":{"line":15,"column":30},"end":{"line":15,"column":31}},"loc":{"start":{"line":15,"column":41},"end":{"line":17,"column":1}},"line":15},"1":{"name":"(anonymous_1)","decl":{"start":{"line":25,"column":33},"end":{"line":25,"column":34}},"loc":{"start":{"line":25,"column":59},"end":{"line":29,"column":1}},"line":25},"2":{"name":"(anonymous_2)","decl":{"start":{"line":40,"column":37},"end":{"line":40,"column":38}},"loc":{"start":{"line":40,"column":85},"end":{"line":50,"column":1}},"line":40}},"branchMap":{"0":{"loc":{"start":{"line":26,"column":18},"end":{"line":26,"column":62}},"type":"cond-expr","locations":[{"start":{"line":26,"column":31},"end":{"line":26,"column":45}},{"start":{"line":26,"column":48},"end":{"line":26,"column":62}}],"line":26}},"s":{"0":2,"1":2,"2":2,"3":2,"4":16,"5":2,"6":6,"7":6,"8":6,"9":2,"10":4,"11":4},"f":{"0":16,"1":6,"2":4},"b":{"0":[3,3]},"_coverageSchema":"1a1c01bbd47fc00a2c39e90264f33305004495a9","hash":"718a1257f311b62cd9cd52e9fc05bd3648768d9f"}
,"/Users/ethan/Desktop/Github/Gauntlet/CollabCanvas/collabcanvas-app/src/utils/colors.js": {"path":"/Users/ethan/Desktop/Github/Gauntlet/CollabCanvas/collabcanvas-app/src/utils/colors.js","statementMap":{"0":{"start":{"line":6,"column":29},"end":{"line":17,"column":1}},"1":{"start":{"line":23,"column":30},"end":{"line":25,"column":1}},"2":{"start":{"line":24,"column":2},"end":{"line":24,"column":73}},"3":{"start":{"line":32,"column":31},"end":{"line":34,"column":1}},"4":{"start":{"line":33,"column":2},"end":{"line":33,"column":53}},"5":{"start":{"line":41,"column":31},"end":{"line":43,"column":1}},"6":{"start":{"line":42,"column":2},"end":{"line":42,"column":39}}},"fnMap":{"0":{"name":"(anonymous_0)","decl":{"start":{"line":23,"column":30},"end":{"line":23,"column":31}},"loc":{"start":{"line":23,"column":36},"end":{"line":25,"column":1}},"line":23},"1":{"name":"(anonymous_1)","decl":{"start":{"line":32,"column":31},"end":{"line":32,"column":32}},"loc":{"start":{"line":32,"column":42},"end":{"line":34,"column":1}},"line":32},"2":{"name":"(anonymous_2)","decl":{"start":{"line":41,"column":31},"end":{"line":41,"column":32}},"loc":{"start":{"line":41,"column":42},"end":{"line":43,"column":1}},"line":41}},"branchMap":{},"s":{"0":3,"1":3,"2":61,"3":3,"4":5,"5":3,"6":10},"f":{"0":61,"1":5,"2":10},"b":{},"_coverageSchema":"1a1c01bbd47fc00a2c39e90264f33305004495a9","hash":"1e6ce0bb32281c39f16f54f79b1100f33f53106b"}
,"/Users/ethan/Desktop/Github/Gauntlet/CollabCanvas/collabcanvas-app/src/utils/shapes.js": {"path":"/Users/ethan/Desktop/Github/Gauntlet/CollabCanvas/collabcanvas-app/src/utils/shapes.js","statementMap":{"0":{"start":{"line":9,"column":27},"end":{"line":13,"column":1}},"1":{"start":{"line":16,"column":33},"end":{"line":16,"column":60}},"2":{"start":{"line":17,"column":37},"end":{"line":17,"column":39}},"3":{"start":{"line":18,"column":33},"end":{"line":18,"column":35}},"4":{"start":{"line":27,"column":31},"end":{"line":41,"column":1}},"5":{"start":{"line":28,"column":2},"end":{"line":40,"column":4}},"6":{"start":{"line":50,"column":28},"end":{"line":63,"column":1}},"7":{"start":{"line":51,"column":2},"end":{"line":62,"column":4}},"8":{"start":{"line":73,"column":26},"end":{"line":85,"column":1}},"9":{"start":{"line":74,"column":2},"end":{"line":84,"column":4}},"10":{"start":{"line":95,"column":27},"end":{"line":106,"column":1}},"11":{"start":{"line":96,"column":2},"end":{"line":105,"column":3}},"12":{"start":{"line":98,"column":6},"end":{"line":98,"column":46}},"13":{"start":{"line":100,"column":6},"end":{"line":100,"column":43}},"14":{"start":{"line":102,"column":6},"end":{"line":102,"column":65}},"15":{"start":{"line":104,"column":6},"end":{"line":104,"column":53}}},"fnMap":{"0":{"name":"(anonymous_0)","decl":{"start":{"line":27,"column":31},"end":{"line":27,"column":32}},"loc":{"start":{"line":27,"column":57},"end":{"line":41,"column":1}},"line":27},"1":{"name":"(anonymous_1)","decl":{"start":{"line":50,"column":28},"end":{"line":50,"column":29}},"loc":{"start":{"line":50,"column":54},"end":{"line":63,"column":1}},"line":50},"2":{"name":"(anonymous_2)","decl":{"start":{"line":73,"column":26},"end":{"line":73,"column":27}},"loc":{"start":{"line":73,"column":83},"end":{"line":85,"column":1}},"line":73},"3":{"name":"(anonymous_3)","decl":{"start":{"line":95,"column":27},"end":{"line":95,"column":28}},"loc":{"start":{"line":95,"column":59},"end":{"line":106,"column":1}},"line":95}},"branchMap":{"0":{"loc":{"start":{"line":27,"column":38},"end":{"line":27,"column":52}},"type":"default-arg","locations":[{"start":{"line":27,"column":50},"end":{"line":27,"column":52}}],"line":27},"1":{"loc":{"start":{"line":50,"column":35},"end":{"line":50,"column":49}},"type":"default-arg","locations":[{"start":{"line":50,"column":47},"end":{"line":50,"column":49}}],"line":50},"2":{"loc":{"start":{"line":73,"column":33},"end":{"line":73,"column":62}},"type":"default-arg","locations":[{"start":{"line":73,"column":40},"end":{"line":73,"column":62}}],"line":73},"3":{"loc":{"start":{"line":73,"column":64},"end":{"line":73,"column":78}},"type":"default-arg","locations":[{"start":{"line":73,"column":76},"end":{"line":73,"column":78}}],"line":73},"4":{"loc":{"start":{"line":95,"column":40},"end":{"line":95,"column":54}},"type":"default-arg","locations":[{"start":{"line":95,"column":52},"end":{"line":95,"column":54}}],"line":95},"5":{"loc":{"start":{"line":96,"column":2},"end":{"line":105,"column":3}},"type":"switch","locations":[{"start":{"line":97,"column":4},"end":{"line":98,"column":46}},{"start":{"line":99,"column":4},"end":{"line":100,"column":43}},{"start":{"line":101,"column":4},"end":{"line":102,"column":65}},{"start":{"line":103,"column":4},"end":{"line":104,"column":53}}],"line":96}},"s":{"0":2,"1":2,"2":2,"3":2,"4":2,"5":5,"6":2,"7":4,"8":2,"9":5,"10":2,"11":5,"12":2,"13":1,"14":1,"15":1},"f":{"0":5,"1":4,"2":5,"3":5},"b":{"0":[2],"1":[2],"2":[2],"3":[3],"4":[4],"5":[2,1,1,1]},"_coverageSchema":"1a1c01bbd47fc00a2c39e90264f33305004495a9","hash":"df37eaa3db8a59e5fbd1738f1cbf91ddd7127bfd"}
}
