{"/Users/ethan/Desktop/Github/Gauntlet/CollabCanvas/collabcanvas-app/src/components/auth/LoginButton.jsx": {"path":"/Users/ethan/Desktop/Github/Gauntlet/CollabCanvas/collabcanvas-app/src/components/auth/LoginButton.jsx","statementMap":{"0":{"start":{"line":4,"column":20},"end":{"line":45,"column":1}},"1":{"start":{"line":5,"column":55},"end":{"line":5,"column":64}},"2":{"start":{"line":7,"column":2},"end":{"line":14,"column":3}},"3":{"start":{"line":8,"column":4},"end":{"line":13,"column":6}},"4":{"start":{"line":16,"column":2},"end":{"line":32,"column":3}},"5":{"start":{"line":17,"column":4},"end":{"line":31,"column":6}},"6":{"start":{"line":34,"column":2},"end":{"line":44,"column":4}}},"fnMap":{"0":{"name":"(anonymous_0)","decl":{"start":{"line":4,"column":20},"end":{"line":4,"column":21}},"loc":{"start":{"line":4,"column":26},"end":{"line":45,"column":1}},"line":4}},"branchMap":{"0":{"loc":{"start":{"line":7,"column":2},"end":{"line":14,"column":3}},"type":"if","locations":[{"start":{"line":7,"column":2},"end":{"line":14,"column":3}},{"start":{},"end":{}}],"line":7},"1":{"loc":{"start":{"line":16,"column":2},"end":{"line":32,"column":3}},"type":"if","locations":[{"start":{"line":16,"column":2},"end":{"line":32,"column":3}},{"start":{},"end":{}}],"line":16},"2":{"loc":{"start":{"line":19,"column":9},"end":{"line":25,"column":9}},"type":"binary-expr","locations":[{"start":{"line":19,"column":9},"end":{"line":19,"column":22}},{"start":{"line":20,"column":10},"end":{"line":24,"column":12}}],"line":19},"3":{"loc":{"start":{"line":22,"column":17},"end":{"line":22,"column":43}},"type":"binary-expr","locations":[{"start":{"line":22,"column":17},"end":{"line":22,"column":33}},{"start":{"line":22,"column":37},"end":{"line":22,"column":43}}],"line":22},"4":{"loc":{"start":{"line":26,"column":37},"end":{"line":26,"column":67}},"type":"binary-expr","locations":[{"start":{"line":26,"column":37},"end":{"line":26,"column":53}},{"start":{"line":26,"column":57},"end":{"line":26,"column":67}}],"line":26}},"s":{"0":1,"1":25,"2":25,"3":13,"4":12,"5":6,"6":6},"f":{"0":25},"b":{"0":[13,12],"1":[6,6],"2":[6,5],"3":[5,0],"4":[6,1]},"_coverageSchema":"1a1c01bbd47fc00a2c39e90264f33305004495a9","hash":"0020c8eb5da3648d3d94b2c0eec987b92b8e8c6f"}
,"/Users/ethan/Desktop/Github/Gauntlet/CollabCanvas/collabcanvas-app/src/components/auth/PrivateRoute.jsx": {"path":"/Users/ethan/Desktop/Github/Gauntlet/CollabCanvas/collabcanvas-app/src/components/auth/PrivateRoute.jsx","statementMap":{"0":{"start":{"line":4,"column":21},"end":{"line":28,"column":1}},"1":{"start":{"line":5,"column":28},"end":{"line":5,"column":37}},"2":{"start":{"line":7,"column":2},"end":{"line":14,"column":3}},"3":{"start":{"line":8,"column":4},"end":{"line":13,"column":6}},"4":{"start":{"line":16,"column":2},"end":{"line":25,"column":3}},"5":{"start":{"line":17,"column":4},"end":{"line":24,"column":6}},"6":{"start":{"line":27,"column":2},"end":{"line":27,"column":18}}},"fnMap":{"0":{"name":"(anonymous_0)","decl":{"start":{"line":4,"column":21},"end":{"line":4,"column":22}},"loc":{"start":{"line":4,"column":39},"end":{"line":28,"column":1}},"line":4}},"branchMap":{"0":{"loc":{"start":{"line":7,"column":2},"end":{"line":14,"column":3}},"type":"if","locations":[{"start":{"line":7,"column":2},"end":{"line":14,"column":3}},{"start":{},"end":{}}],"line":7},"1":{"loc":{"start":{"line":16,"column":2},"end":{"line":25,"column":3}},"type":"if","locations":[{"start":{"line":16,"column":2},"end":{"line":25,"column":3}},{"start":{},"end":{}}],"line":16}},"s":{"0":1,"1":11,"2":11,"3":6,"4":5,"5":2,"6":3},"f":{"0":11},"b":{"0":[6,5],"1":[2,3]},"_coverageSchema":"1a1c01bbd47fc00a2c39e90264f33305004495a9","hash":"d7dde1b542d1cd3b586553b9575d191221809947"}
,"/Users/ethan/Desktop/Github/Gauntlet/CollabCanvas/collabcanvas-app/src/components/canvas/RemoteCursor.jsx": {"path":"/Users/ethan/Desktop/Github/Gauntlet/CollabCanvas/collabcanvas-app/src/components/canvas/RemoteCursor.jsx","statementMap":{"0":{"start":{"line":3,"column":23},"end":{"line":3,"column":24}},"1":{"start":{"line":4,"column":24},"end":{"line":4,"column":25}},"2":{"start":{"line":5,"column":24},"end":{"line":5,"column":25}},"3":{"start":{"line":7,"column":21},"end":{"line":45,"column":1}},"4":{"start":{"line":8,"column":28},"end":{"line":8,"column":44}},"5":{"start":{"line":9,"column":21},"end":{"line":9,"column":60}},"6":{"start":{"line":10,"column":22},"end":{"line":10,"column":46}},"7":{"start":{"line":12,"column":2},"end":{"line":44,"column":4}}},"fnMap":{"0":{"name":"(anonymous_0)","decl":{"start":{"line":7,"column":21},"end":{"line":7,"column":22}},"loc":{"start":{"line":7,"column":49},"end":{"line":45,"column":1}},"line":7}},"branchMap":{},"s":{"0":1,"1":1,"2":1,"3":1,"4":6,"5":6,"6":6,"7":6},"f":{"0":6},"b":{},"_coverageSchema":"1a1c01bbd47fc00a2c39e90264f33305004495a9","hash":"a5167aa2badf4fdd318ed071adea5f7156fb3f38"}
,"/Users/ethan/Desktop/Github/Gauntlet/CollabCanvas/collabcanvas-app/src/components/collaboration/PresenceList.jsx": {"path":"/Users/ethan/Desktop/Github/Gauntlet/CollabCanvas/collabcanvas-app/src/components/collaboration/PresenceList.jsx","statementMap":{"0":{"start":{"line":5,"column":21},"end":{"line":27,"column":2}},"1":{"start":{"line":6,"column":2},"end":{"line":9,"column":14}},"2":{"start":{"line":7,"column":4},"end":{"line":7,"column":52}},"3":{"start":{"line":8,"column":4},"end":{"line":8,"column":53}},"4":{"start":{"line":11,"column":2},"end":{"line":26,"column":4}},"5":{"start":{"line":19,"column":10},"end":{"line":22,"column":15}}},"fnMap":{"0":{"name":"PresenceList","decl":{"start":{"line":5,"column":35},"end":{"line":5,"column":47}},"loc":{"start":{"line":5,"column":64},"end":{"line":27,"column":1}},"line":5},"1":{"name":"(anonymous_1)","decl":{"start":{"line":6,"column":12},"end":{"line":6,"column":13}},"loc":{"start":{"line":6,"column":18},"end":{"line":9,"column":3}},"line":6},"2":{"name":"(anonymous_2)","decl":{"start":{"line":18,"column":19},"end":{"line":18,"column":20}},"loc":{"start":{"line":19,"column":10},"end":{"line":22,"column":15}},"line":19}},"branchMap":{"0":{"loc":{"start":{"line":5,"column":50},"end":{"line":5,"column":60}},"type":"default-arg","locations":[{"start":{"line":5,"column":58},"end":{"line":5,"column":60}}],"line":5},"1":{"loc":{"start":{"line":21,"column":51},"end":{"line":21,"column":72}},"type":"binary-expr","locations":[{"start":{"line":21,"column":51},"end":{"line":21,"column":57}},{"start":{"line":21,"column":61},"end":{"line":21,"column":72}}],"line":21}},"s":{"0":1,"1":1,"2":1,"3":1,"4":1,"5":2},"f":{"0":1,"1":1,"2":2},"b":{"0":[0],"1":[2,0]},"_coverageSchema":"1a1c01bbd47fc00a2c39e90264f33305004495a9","hash":"d22b5fd41d5bb2e3d6c603d593056c1a32a9a5d2"}
,"/Users/ethan/Desktop/Github/Gauntlet/CollabCanvas/collabcanvas-app/src/components/collaboration/UserAvatar.jsx": {"path":"/Users/ethan/Desktop/Github/Gauntlet/CollabCanvas/collabcanvas-app/src/components/collaboration/UserAvatar.jsx","statementMap":{"0":{"start":{"line":4,"column":19},"end":{"line":9,"column":26}},"1":{"start":{"line":7,"column":16},"end":{"line":7,"column":26}},"2":{"start":{"line":11,"column":16},"end":{"line":17,"column":3}},"3":{"start":{"line":19,"column":2},"end":{"line":23,"column":4}}},"fnMap":{"0":{"name":"UserAvatar","decl":{"start":{"line":3,"column":9},"end":{"line":3,"column":19}},"loc":{"start":{"line":3,"column":65},"end":{"line":24,"column":1}},"line":3},"1":{"name":"(anonymous_1)","decl":{"start":{"line":7,"column":9},"end":{"line":7,"column":10}},"loc":{"start":{"line":7,"column":16},"end":{"line":7,"column":26}},"line":7}},"branchMap":{"0":{"loc":{"start":{"line":3,"column":22},"end":{"line":3,"column":31}},"type":"default-arg","locations":[{"start":{"line":3,"column":29},"end":{"line":3,"column":31}}],"line":3},"1":{"loc":{"start":{"line":3,"column":33},"end":{"line":3,"column":50}},"type":"default-arg","locations":[{"start":{"line":3,"column":41},"end":{"line":3,"column":50}}],"line":3},"2":{"loc":{"start":{"line":3,"column":52},"end":{"line":3,"column":61}},"type":"default-arg","locations":[{"start":{"line":3,"column":59},"end":{"line":3,"column":61}}],"line":3},"3":{"loc":{"start":{"line":4,"column":19},"end":{"line":9,"column":26}},"type":"binary-expr","locations":[{"start":{"line":4,"column":19},"end":{"line":9,"column":18}},{"start":{"line":9,"column":22},"end":{"line":9,"column":26}}],"line":4},"4":{"loc":{"start":{"line":4,"column":20},"end":{"line":4,"column":30}},"type":"binary-expr","locations":[{"start":{"line":4,"column":20},"end":{"line":4,"column":24}},{"start":{"line":4,"column":28},"end":{"line":4,"column":30}}],"line":4},"5":{"loc":{"start":{"line":7,"column":16},"end":{"line":7,"column":26}},"type":"binary-expr","locations":[{"start":{"line":7,"column":16},"end":{"line":7,"column":20}},{"start":{"line":7,"column":24},"end":{"line":7,"column":26}}],"line":7},"6":{"loc":{"start":{"line":20,"column":78},"end":{"line":20,"column":95}},"type":"binary-expr","locations":[{"start":{"line":20,"column":78},"end":{"line":20,"column":82}},{"start":{"line":20,"column":86},"end":{"line":20,"column":95}}],"line":20}},"s":{"0":3,"1":4,"2":3,"3":3},"f":{"0":3,"1":4},"b":{"0":[0],"1":[0],"2":[0],"3":[3,0],"4":[3,0],"5":[4,0],"6":[3,0]},"_coverageSchema":"1a1c01bbd47fc00a2c39e90264f33305004495a9","hash":"9830ed278554e45d30fe41c2295844734110a837"}
,"/Users/ethan/Desktop/Github/Gauntlet/CollabCanvas/collabcanvas-app/src/context/AuthContext.jsx": {"path":"/Users/ethan/Desktop/Github/Gauntlet/CollabCanvas/collabcanvas-app/src/context/AuthContext.jsx","statementMap":{"0":{"start":{"line":11,"column":20},"end":{"line":11,"column":39}},"1":{"start":{"line":13,"column":23},"end":{"line":19,"column":1}},"2":{"start":{"line":14,"column":18},"end":{"line":14,"column":41}},"3":{"start":{"line":15,"column":2},"end":{"line":17,"column":3}},"4":{"start":{"line":16,"column":4},"end":{"line":16,"column":64}},"5":{"start":{"line":18,"column":2},"end":{"line":18,"column":17}},"6":{"start":{"line":21,"column":28},"end":{"line":129,"column":1}},"7":{"start":{"line":22,"column":26},"end":{"line":22,"column":40}},"8":{"start":{"line":23,"column":32},"end":{"line":23,"column":46}},"9":{"start":{"line":24,"column":28},"end":{"line":24,"column":42}},"10":{"start":{"line":25,"column":38},"end":{"line":25,"column":50}},"11":{"start":{"line":27,"column":2},"end":{"line":74,"column":9}},"12":{"start":{"line":29,"column":24},"end":{"line":70,"column":5}},"13":{"start":{"line":32,"column":8},"end":{"line":61,"column":9}},"14":{"start":{"line":34,"column":10},"end":{"line":39,"column":13}},"15":{"start":{"line":41,"column":24},"end":{"line":41,"column":57}},"16":{"start":{"line":42,"column":30},"end":{"line":42,"column":115}},"17":{"start":{"line":43,"column":10},"end":{"line":43,"column":95}},"18":{"start":{"line":45,"column":10},"end":{"line":48,"column":11}},"19":{"start":{"line":46,"column":12},"end":{"line":46,"column":50}},"20":{"start":{"line":47,"column":12},"end":{"line":47,"column":55}},"21":{"start":{"line":49,"column":10},"end":{"line":49,"column":102}},"22":{"start":{"line":52,"column":26},"end":{"line":52,"column":35}},"23":{"start":{"line":53,"column":10},"end":{"line":53,"column":24}},"24":{"start":{"line":54,"column":10},"end":{"line":57,"column":11}},"25":{"start":{"line":55,"column":12},"end":{"line":55,"column":50}},"26":{"start":{"line":56,"column":12},"end":{"line":56,"column":55}},"27":{"start":{"line":58,"column":10},"end":{"line":60,"column":11}},"28":{"start":{"line":59,"column":12},"end":{"line":59,"column":65}},"29":{"start":{"line":62,"column":8},"end":{"line":62,"column":26}},"30":{"start":{"line":63,"column":8},"end":{"line":63,"column":23}},"31":{"start":{"line":66,"column":8},"end":{"line":66,"column":55}},"32":{"start":{"line":67,"column":8},"end":{"line":67,"column":30}},"33":{"start":{"line":68,"column":8},"end":{"line":68,"column":26}},"34":{"start":{"line":73,"column":4},"end":{"line":73,"column":31}},"35":{"start":{"line":73,"column":17},"end":{"line":73,"column":30}},"36":{"start":{"line":76,"column":27},"end":{"line":95,"column":3}},"37":{"start":{"line":77,"column":4},"end":{"line":94,"column":5}},"38":{"start":{"line":78,"column":6},"end":{"line":78,"column":23}},"39":{"start":{"line":79,"column":6},"end":{"line":79,"column":21}},"40":{"start":{"line":80,"column":21},"end":{"line":80,"column":64}},"41":{"start":{"line":81,"column":6},"end":{"line":86,"column":9}},"42":{"start":{"line":87,"column":6},"end":{"line":87,"column":25}},"43":{"start":{"line":89,"column":6},"end":{"line":89,"column":43}},"44":{"start":{"line":90,"column":6},"end":{"line":90,"column":28}},"45":{"start":{"line":91,"column":6},"end":{"line":91,"column":16}},"46":{"start":{"line":93,"column":6},"end":{"line":93,"column":24}},"47":{"start":{"line":97,"column":18},"end":{"line":118,"column":3}},"48":{"start":{"line":98,"column":4},"end":{"line":117,"column":5}},"49":{"start":{"line":99,"column":6},"end":{"line":99,"column":23}},"50":{"start":{"line":100,"column":6},"end":{"line":100,"column":21}},"51":{"start":{"line":101,"column":6},"end":{"line":101,"column":34}},"52":{"start":{"line":102,"column":6},"end":{"line":102,"column":20}},"53":{"start":{"line":103,"column":6},"end":{"line":106,"column":7}},"54":{"start":{"line":104,"column":8},"end":{"line":104,"column":46}},"55":{"start":{"line":105,"column":8},"end":{"line":105,"column":51}},"56":{"start":{"line":108,"column":6},"end":{"line":110,"column":7}},"57":{"start":{"line":109,"column":8},"end":{"line":109,"column":52}},"58":{"start":{"line":112,"column":6},"end":{"line":112,"column":44}},"59":{"start":{"line":113,"column":6},"end":{"line":113,"column":28}},"60":{"start":{"line":114,"column":6},"end":{"line":114,"column":16}},"61":{"start":{"line":116,"column":6},"end":{"line":116,"column":24}},"62":{"start":{"line":120,"column":16},"end":{"line":126,"column":3}},"63":{"start":{"line":128,"column":2},"end":{"line":128,"column":79}}},"fnMap":{"0":{"name":"(anonymous_0)","decl":{"start":{"line":13,"column":23},"end":{"line":13,"column":24}},"loc":{"start":{"line":13,"column":29},"end":{"line":19,"column":1}},"line":13},"1":{"name":"(anonymous_1)","decl":{"start":{"line":21,"column":28},"end":{"line":21,"column":29}},"loc":{"start":{"line":21,"column":46},"end":{"line":129,"column":1}},"line":21},"2":{"name":"(anonymous_2)","decl":{"start":{"line":27,"column":12},"end":{"line":27,"column":13}},"loc":{"start":{"line":27,"column":18},"end":{"line":74,"column":3}},"line":27},"3":{"name":"(anonymous_3)","decl":{"start":{"line":31,"column":6},"end":{"line":31,"column":7}},"loc":{"start":{"line":31,"column":24},"end":{"line":64,"column":7}},"line":31},"4":{"name":"(anonymous_4)","decl":{"start":{"line":43,"column":85},"end":{"line":43,"column":86}},"loc":{"start":{"line":43,"column":91},"end":{"line":43,"column":93}},"line":43},"5":{"name":"(anonymous_5)","decl":{"start":{"line":59,"column":55},"end":{"line":59,"column":56}},"loc":{"start":{"line":59,"column":61},"end":{"line":59,"column":63}},"line":59},"6":{"name":"(anonymous_6)","decl":{"start":{"line":65,"column":6},"end":{"line":65,"column":7}},"loc":{"start":{"line":65,"column":15},"end":{"line":69,"column":7}},"line":65},"7":{"name":"(anonymous_7)","decl":{"start":{"line":73,"column":11},"end":{"line":73,"column":12}},"loc":{"start":{"line":73,"column":17},"end":{"line":73,"column":30}},"line":73},"8":{"name":"(anonymous_8)","decl":{"start":{"line":76,"column":27},"end":{"line":76,"column":28}},"loc":{"start":{"line":76,"column":39},"end":{"line":95,"column":3}},"line":76},"9":{"name":"(anonymous_9)","decl":{"start":{"line":97,"column":18},"end":{"line":97,"column":19}},"loc":{"start":{"line":97,"column":30},"end":{"line":118,"column":3}},"line":97}},"branchMap":{"0":{"loc":{"start":{"line":15,"column":2},"end":{"line":17,"column":3}},"type":"if","locations":[{"start":{"line":15,"column":2},"end":{"line":17,"column":3}},{"start":{},"end":{}}],"line":15},"1":{"loc":{"start":{"line":32,"column":8},"end":{"line":61,"column":9}},"type":"if","locations":[{"start":{"line":32,"column":8},"end":{"line":61,"column":9}},{"start":{"line":50,"column":15},"end":{"line":61,"column":9}}],"line":32},"2":{"loc":{"start":{"line":42,"column":30},"end":{"line":42,"column":115}},"type":"binary-expr","locations":[{"start":{"line":42,"column":30},"end":{"line":42,"column":54}},{"start":{"line":42,"column":58},"end":{"line":42,"column":115}}],"line":42},"3":{"loc":{"start":{"line":45,"column":10},"end":{"line":48,"column":11}},"type":"if","locations":[{"start":{"line":45,"column":10},"end":{"line":48,"column":11}},{"start":{},"end":{}}],"line":45},"4":{"loc":{"start":{"line":54,"column":10},"end":{"line":57,"column":11}},"type":"if","locations":[{"start":{"line":54,"column":10},"end":{"line":57,"column":11}},{"start":{},"end":{}}],"line":54},"5":{"loc":{"start":{"line":58,"column":10},"end":{"line":60,"column":11}},"type":"if","locations":[{"start":{"line":58,"column":10},"end":{"line":60,"column":11}},{"start":{},"end":{}}],"line":58},"6":{"loc":{"start":{"line":103,"column":6},"end":{"line":106,"column":7}},"type":"if","locations":[{"start":{"line":103,"column":6},"end":{"line":106,"column":7}},{"start":{},"end":{}}],"line":103},"7":{"loc":{"start":{"line":108,"column":6},"end":{"line":110,"column":7}},"type":"if","locations":[{"start":{"line":108,"column":6},"end":{"line":110,"column":7}},{"start":{},"end":{}}],"line":108}},"s":{"0":3,"1":3,"2":59,"3":59,"4":2,"5":57,"6":3,"7":58,"8":58,"9":58,"10":58,"11":58,"12":25,"13":20,"14":10,"15":10,"16":10,"17":10,"18":10,"19":0,"20":0,"21":10,"22":10,"23":10,"24":10,"25":1,"26":1,"27":10,"28":0,"29":20,"30":20,"31":1,"32":1,"33":1,"34":25,"35":25,"36":58,"37":5,"38":5,"39":5,"40":5,"41":3,"42":3,"43":1,"44":1,"45":1,"46":4,"47":58,"48":4,"49":4,"50":4,"51":4,"52":3,"53":3,"54":2,"55":2,"56":3,"57":3,"58":1,"59":1,"60":1,"61":4,"62":58,"63":58},"f":{"0":59,"1":58,"2":25,"3":20,"4":0,"5":0,"6":1,"7":25,"8":5,"9":4},"b":{"0":[2,57],"1":[10,10],"2":[10,1],"3":[0,10],"4":[1,9],"5":[0,10],"6":[2,1],"7":[3,0]},"_coverageSchema":"1a1c01bbd47fc00a2c39e90264f33305004495a9","hash":"3f7cdaccdd4c98ed7e5baa82d4607d61432ae73d"}
,"/Users/ethan/Desktop/Github/Gauntlet/CollabCanvas/collabcanvas-app/src/services/firestoreService.js": {"path":"/Users/ethan/Desktop/Github/Gauntlet/CollabCanvas/collabcanvas-app/src/services/firestoreService.js","statementMap":{"0":{"start":{"line":20,"column":25},"end":{"line":20,"column":34}},"1":{"start":{"line":23,"column":28},"end":{"line":24,"column":52}},"2":{"start":{"line":24,"column":2},"end":{"line":24,"column":52}},"3":{"start":{"line":26,"column":20},"end":{"line":27,"column":54}},"4":{"start":{"line":27,"column":2},"end":{"line":27,"column":54}},"5":{"start":{"line":30,"column":23},"end":{"line":45,"column":1}},"6":{"start":{"line":31,"column":32},"end":{"line":31,"column":37}},"7":{"start":{"line":32,"column":22},"end":{"line":32,"column":38}},"8":{"start":{"line":33,"column":2},"end":{"line":35,"column":3}},"9":{"start":{"line":34,"column":4},"end":{"line":34,"column":67}},"10":{"start":{"line":36,"column":2},"end":{"line":44,"column":4}},"11":{"start":{"line":47,"column":25},"end":{"line":61,"column":1}},"12":{"start":{"line":48,"column":15},"end":{"line":48,"column":29}},"13":{"start":{"line":49,"column":2},"end":{"line":49,"column":25}},"14":{"start":{"line":49,"column":13},"end":{"line":49,"column":25}},"15":{"start":{"line":51,"column":85},"end":{"line":51,"column":89}},"16":{"start":{"line":52,"column":2},"end":{"line":60,"column":4}},"17":{"start":{"line":65,"column":2},"end":{"line":78,"column":3}},"18":{"start":{"line":66,"column":16},"end":{"line":66,"column":46}},"19":{"start":{"line":67,"column":20},"end":{"line":67,"column":41}},"20":{"start":{"line":69,"column":4},"end":{"line":69,"column":114}},"21":{"start":{"line":70,"column":4},"end":{"line":70,"column":31}},"22":{"start":{"line":72,"column":4},"end":{"line":72,"column":76}},"23":{"start":{"line":73,"column":4},"end":{"line":73,"column":28}},"24":{"start":{"line":76,"column":4},"end":{"line":76,"column":69}},"25":{"start":{"line":77,"column":4},"end":{"line":77,"column":16}},"26":{"start":{"line":82,"column":14},"end":{"line":82,"column":43}},"27":{"start":{"line":83,"column":15},"end":{"line":83,"column":32}},"28":{"start":{"line":84,"column":2},"end":{"line":84,"column":34}},"29":{"start":{"line":84,"column":22},"end":{"line":84,"column":34}},"30":{"start":{"line":85,"column":16},"end":{"line":85,"column":38}},"31":{"start":{"line":86,"column":2},"end":{"line":86,"column":34}},"32":{"start":{"line":86,"column":22},"end":{"line":86,"column":34}},"33":{"start":{"line":87,"column":2},"end":{"line":87,"column":15}},"34":{"start":{"line":91,"column":12},"end":{"line":91,"column":78}},"35":{"start":{"line":92,"column":16},"end":{"line":92,"column":32}},"36":{"start":{"line":93,"column":17},"end":{"line":93,"column":19}},"37":{"start":{"line":94,"column":2},"end":{"line":97,"column":5}},"38":{"start":{"line":95,"column":18},"end":{"line":95,"column":43}},"39":{"start":{"line":96,"column":4},"end":{"line":96,"column":34}},"40":{"start":{"line":96,"column":15},"end":{"line":96,"column":34}},"41":{"start":{"line":98,"column":2},"end":{"line":98,"column":16}},"42":{"start":{"line":102,"column":14},"end":{"line":102,"column":43}},"43":{"start":{"line":103,"column":24},"end":{"line":103,"column":56}},"44":{"start":{"line":105,"column":2},"end":{"line":108,"column":5}},"45":{"start":{"line":106,"column":4},"end":{"line":106,"column":47}},"46":{"start":{"line":106,"column":40},"end":{"line":106,"column":47}},"47":{"start":{"line":107,"column":4},"end":{"line":107,"column":49}},"48":{"start":{"line":110,"column":2},"end":{"line":110,"column":38}},"49":{"start":{"line":111,"column":2},"end":{"line":111,"column":25}},"50":{"start":{"line":115,"column":14},"end":{"line":115,"column":43}},"51":{"start":{"line":116,"column":2},"end":{"line":116,"column":77}},"52":{"start":{"line":117,"column":2},"end":{"line":117,"column":25}},"53":{"start":{"line":121,"column":14},"end":{"line":121,"column":43}},"54":{"start":{"line":122,"column":2},"end":{"line":126,"column":5}},"55":{"start":{"line":127,"column":2},"end":{"line":127,"column":25}},"56":{"start":{"line":137,"column":12},"end":{"line":137,"column":40}},"57":{"start":{"line":138,"column":19},"end":{"line":138,"column":24}},"58":{"start":{"line":139,"column":22},"end":{"line":163,"column":3}},"59":{"start":{"line":142,"column":6},"end":{"line":145,"column":7}},"60":{"start":{"line":143,"column":8},"end":{"line":143,"column":26}},"61":{"start":{"line":144,"column":8},"end":{"line":144,"column":20}},"62":{"start":{"line":146,"column":6},"end":{"line":160,"column":9}},"63":{"start":{"line":147,"column":22},"end":{"line":147,"column":50}},"64":{"start":{"line":148,"column":8},"end":{"line":148,"column":27}},"65":{"start":{"line":148,"column":20},"end":{"line":148,"column":27}},"66":{"start":{"line":150,"column":8},"end":{"line":159,"column":9}},"67":{"start":{"line":151,"column":10},"end":{"line":151,"column":49}},"68":{"start":{"line":152,"column":15},"end":{"line":159,"column":9}},"69":{"start":{"line":153,"column":10},"end":{"line":153,"column":47}},"70":{"start":{"line":154,"column":15},"end":{"line":159,"column":9}},"71":{"start":{"line":155,"column":10},"end":{"line":155,"column":50}},"72":{"start":{"line":156,"column":15},"end":{"line":159,"column":9}},"73":{"start":{"line":158,"column":10},"end":{"line":158,"column":49}},"74":{"start":{"line":162,"column":13},"end":{"line":162,"column":27}},"75":{"start":{"line":165,"column":2},"end":{"line":165,"column":21}},"76":{"start":{"line":168,"column":27},"end":{"line":173,"column":1}}},"fnMap":{"0":{"name":"(anonymous_0)","decl":{"start":{"line":23,"column":28},"end":{"line":23,"column":29}},"loc":{"start":{"line":24,"column":2},"end":{"line":24,"column":52}},"line":24},"1":{"name":"(anonymous_1)","decl":{"start":{"line":26,"column":20},"end":{"line":26,"column":21}},"loc":{"start":{"line":27,"column":2},"end":{"line":27,"column":54}},"line":27},"2":{"name":"(anonymous_2)","decl":{"start":{"line":30,"column":23},"end":{"line":30,"column":24}},"loc":{"start":{"line":30,"column":34},"end":{"line":45,"column":1}},"line":30},"3":{"name":"(anonymous_3)","decl":{"start":{"line":47,"column":25},"end":{"line":47,"column":26}},"loc":{"start":{"line":47,"column":38},"end":{"line":61,"column":1}},"line":47},"4":{"name":"createShape","decl":{"start":{"line":64,"column":22},"end":{"line":64,"column":33}},"loc":{"start":{"line":64,"column":69},"end":{"line":79,"column":1}},"line":64},"5":{"name":"getShape","decl":{"start":{"line":81,"column":22},"end":{"line":81,"column":30}},"loc":{"start":{"line":81,"column":68},"end":{"line":88,"column":1}},"line":81},"6":{"name":"getAllShapes","decl":{"start":{"line":90,"column":22},"end":{"line":90,"column":34}},"loc":{"start":{"line":90,"column":63},"end":{"line":99,"column":1}},"line":90},"7":{"name":"(anonymous_7)","decl":{"start":{"line":94,"column":16},"end":{"line":94,"column":17}},"loc":{"start":{"line":94,"column":29},"end":{"line":97,"column":3}},"line":94},"8":{"name":"updateShape","decl":{"start":{"line":101,"column":22},"end":{"line":101,"column":33}},"loc":{"start":{"line":101,"column":80},"end":{"line":112,"column":1}},"line":101},"9":{"name":"(anonymous_9)","decl":{"start":{"line":105,"column":37},"end":{"line":105,"column":38}},"loc":{"start":{"line":105,"column":46},"end":{"line":108,"column":3}},"line":105},"10":{"name":"updateShapeText","decl":{"start":{"line":114,"column":22},"end":{"line":114,"column":37}},"loc":{"start":{"line":114,"column":81},"end":{"line":118,"column":1}},"line":114},"11":{"name":"deleteShape","decl":{"start":{"line":120,"column":22},"end":{"line":120,"column":33}},"loc":{"start":{"line":120,"column":71},"end":{"line":128,"column":1}},"line":120},"12":{"name":"subscribeToShapes","decl":{"start":{"line":131,"column":16},"end":{"line":131,"column":33}},"loc":{"start":{"line":136,"column":8},"end":{"line":166,"column":1}},"line":136},"13":{"name":"(anonymous_13)","decl":{"start":{"line":141,"column":4},"end":{"line":141,"column":5}},"loc":{"start":{"line":141,"column":18},"end":{"line":161,"column":5}},"line":141},"14":{"name":"(anonymous_14)","decl":{"start":{"line":146,"column":36},"end":{"line":146,"column":37}},"loc":{"start":{"line":146,"column":48},"end":{"line":160,"column":7}},"line":146},"15":{"name":"(anonymous_15)","decl":{"start":{"line":162,"column":4},"end":{"line":162,"column":5}},"loc":{"start":{"line":162,"column":13},"end":{"line":162,"column":27}},"line":162}},"branchMap":{"0":{"loc":{"start":{"line":23,"column":29},"end":{"line":23,"column":55}},"type":"default-arg","locations":[{"start":{"line":23,"column":39},"end":{"line":23,"column":55}}],"line":23},"1":{"loc":{"start":{"line":26,"column":30},"end":{"line":26,"column":56}},"type":"default-arg","locations":[{"start":{"line":26,"column":40},"end":{"line":26,"column":56}}],"line":26},"2":{"loc":{"start":{"line":33,"column":2},"end":{"line":35,"column":3}},"type":"if","locations":[{"start":{"line":33,"column":2},"end":{"line":35,"column":3}},{"start":{},"end":{}}],"line":33},"3":{"loc":{"start":{"line":49,"column":2},"end":{"line":49,"column":25}},"type":"if","locations":[{"start":{"line":49,"column":2},"end":{"line":49,"column":25}},{"start":{},"end":{}}],"line":49},"4":{"loc":{"start":{"line":51,"column":20},"end":{"line":51,"column":30}},"type":"default-arg","locations":[{"start":{"line":51,"column":28},"end":{"line":51,"column":30}}],"line":51},"5":{"loc":{"start":{"line":51,"column":32},"end":{"line":51,"column":47}},"type":"default-arg","locations":[{"start":{"line":51,"column":42},"end":{"line":51,"column":47}}],"line":51},"6":{"loc":{"start":{"line":53,"column":8},"end":{"line":53,"column":24}},"type":"binary-expr","locations":[{"start":{"line":53,"column":8},"end":{"line":53,"column":10}},{"start":{"line":53,"column":14},"end":{"line":53,"column":24}}],"line":53},"7":{"loc":{"start":{"line":57,"column":15},"end":{"line":57,"column":46}},"type":"binary-expr","locations":[{"start":{"line":57,"column":15},"end":{"line":57,"column":38}},{"start":{"line":57,"column":42},"end":{"line":57,"column":46}}],"line":57},"8":{"loc":{"start":{"line":58,"column":15},"end":{"line":58,"column":46}},"type":"binary-expr","locations":[{"start":{"line":58,"column":15},"end":{"line":58,"column":38}},{"start":{"line":58,"column":42},"end":{"line":58,"column":46}}],"line":58},"9":{"loc":{"start":{"line":59,"column":15},"end":{"line":59,"column":46}},"type":"binary-expr","locations":[{"start":{"line":59,"column":15},"end":{"line":59,"column":38}},{"start":{"line":59,"column":42},"end":{"line":59,"column":46}}],"line":59},"10":{"loc":{"start":{"line":64,"column":41},"end":{"line":64,"column":67}},"type":"default-arg","locations":[{"start":{"line":64,"column":51},"end":{"line":64,"column":67}}],"line":64},"11":{"loc":{"start":{"line":81,"column":40},"end":{"line":81,"column":66}},"type":"default-arg","locations":[{"start":{"line":81,"column":50},"end":{"line":81,"column":66}}],"line":81},"12":{"loc":{"start":{"line":84,"column":2},"end":{"line":84,"column":34}},"type":"if","locations":[{"start":{"line":84,"column":2},"end":{"line":84,"column":34}},{"start":{},"end":{}}],"line":84},"13":{"loc":{"start":{"line":86,"column":2},"end":{"line":86,"column":34}},"type":"if","locations":[{"start":{"line":86,"column":2},"end":{"line":86,"column":34}},{"start":{},"end":{}}],"line":86},"14":{"loc":{"start":{"line":90,"column":35},"end":{"line":90,"column":61}},"type":"default-arg","locations":[{"start":{"line":90,"column":45},"end":{"line":90,"column":61}}],"line":90},"15":{"loc":{"start":{"line":96,"column":4},"end":{"line":96,"column":34}},"type":"if","locations":[{"start":{"line":96,"column":4},"end":{"line":96,"column":34}},{"start":{},"end":{}}],"line":96},"16":{"loc":{"start":{"line":101,"column":52},"end":{"line":101,"column":78}},"type":"default-arg","locations":[{"start":{"line":101,"column":62},"end":{"line":101,"column":78}}],"line":101},"17":{"loc":{"start":{"line":105,"column":14},"end":{"line":105,"column":27}},"type":"binary-expr","locations":[{"start":{"line":105,"column":14},"end":{"line":105,"column":21}},{"start":{"line":105,"column":25},"end":{"line":105,"column":27}}],"line":105},"18":{"loc":{"start":{"line":106,"column":4},"end":{"line":106,"column":47}},"type":"if","locations":[{"start":{"line":106,"column":4},"end":{"line":106,"column":47}},{"start":{},"end":{}}],"line":106},"19":{"loc":{"start":{"line":106,"column":8},"end":{"line":106,"column":38}},"type":"binary-expr","locations":[{"start":{"line":106,"column":8},"end":{"line":106,"column":20}},{"start":{"line":106,"column":24},"end":{"line":106,"column":38}}],"line":106},"20":{"loc":{"start":{"line":114,"column":53},"end":{"line":114,"column":79}},"type":"default-arg","locations":[{"start":{"line":114,"column":63},"end":{"line":114,"column":79}}],"line":114},"21":{"loc":{"start":{"line":120,"column":43},"end":{"line":120,"column":69}},"type":"default-arg","locations":[{"start":{"line":120,"column":53},"end":{"line":120,"column":69}}],"line":120},"22":{"loc":{"start":{"line":131,"column":34},"end":{"line":136,"column":6}},"type":"default-arg","locations":[{"start":{"line":136,"column":4},"end":{"line":136,"column":6}}],"line":131},"23":{"loc":{"start":{"line":132,"column":2},"end":{"line":132,"column":28}},"type":"default-arg","locations":[{"start":{"line":132,"column":12},"end":{"line":132,"column":28}}],"line":132},"24":{"loc":{"start":{"line":142,"column":6},"end":{"line":145,"column":7}},"type":"if","locations":[{"start":{"line":142,"column":6},"end":{"line":145,"column":7}},{"start":{},"end":{}}],"line":142},"25":{"loc":{"start":{"line":148,"column":8},"end":{"line":148,"column":27}},"type":"if","locations":[{"start":{"line":148,"column":8},"end":{"line":148,"column":27}},{"start":{},"end":{}}],"line":148},"26":{"loc":{"start":{"line":150,"column":8},"end":{"line":159,"column":9}},"type":"if","locations":[{"start":{"line":150,"column":8},"end":{"line":159,"column":9}},{"start":{"line":152,"column":15},"end":{"line":159,"column":9}}],"line":150},"27":{"loc":{"start":{"line":152,"column":15},"end":{"line":159,"column":9}},"type":"if","locations":[{"start":{"line":152,"column":15},"end":{"line":159,"column":9}},{"start":{"line":154,"column":15},"end":{"line":159,"column":9}}],"line":152},"28":{"loc":{"start":{"line":154,"column":15},"end":{"line":159,"column":9}},"type":"if","locations":[{"start":{"line":154,"column":15},"end":{"line":159,"column":9}},{"start":{"line":156,"column":15},"end":{"line":159,"column":9}}],"line":154},"29":{"loc":{"start":{"line":156,"column":15},"end":{"line":159,"column":9}},"type":"if","locations":[{"start":{"line":156,"column":15},"end":{"line":159,"column":9}},{"start":{},"end":{}}],"line":156}},"s":{"0":1,"1":1,"2":2,"3":1,"4":2,"5":1,"6":1,"7":1,"8":0,"9":0,"10":0,"11":1,"12":1,"13":1,"14":0,"15":1,"16":1,"17":1,"18":1,"19":1,"20":0,"21":0,"22":0,"23":0,"24":1,"25":1,"26":0,"27":0,"28":0,"29":0,"30":0,"31":0,"32":0,"33":0,"34":1,"35":1,"36":1,"37":1,"38":1,"39":1,"40":1,"41":1,"42":1,"43":1,"44":1,"45":2,"46":0,"47":2,"48":1,"49":1,"50":0,"51":0,"52":0,"53":0,"54":0,"55":0,"56":1,"57":1,"58":1,"59":1,"60":1,"61":1,"62":1,"63":0,"64":0,"65":0,"66":0,"67":0,"68":0,"69":0,"70":0,"71":0,"72":0,"73":0,"74":0,"75":1,"76":1},"f":{"0":2,"1":2,"2":1,"3":1,"4":1,"5":0,"6":1,"7":1,"8":1,"9":2,"10":0,"11":0,"12":1,"13":1,"14":0,"15":0},"b":{"0":[0],"1":[0],"2":[0,0],"3":[0,1],"4":[0],"5":[0],"6":[1,0],"7":[1,1],"8":[1,1],"9":[1,1],"10":[1],"11":[0],"12":[0,0],"13":[0,0],"14":[1],"15":[1,0],"16":[1],"17":[1,0],"18":[0,2],"19":[2,2],"20":[0],"21":[0],"22":[0],"23":[1],"24":[1,0],"25":[0,0],"26":[0,0],"27":[0,0],"28":[0,0],"29":[0,0]},"_coverageSchema":"1a1c01bbd47fc00a2c39e90264f33305004495a9","hash":"634fb22ff2c0c100d6f34c886f603a0515a3fc65"}
,"/Users/ethan/Desktop/Github/Gauntlet/CollabCanvas/collabcanvas-app/src/services/presenceService.js": {"path":"/Users/ethan/Desktop/Github/Gauntlet/CollabCanvas/collabcanvas-app/src/services/presenceService.js","statementMap":{"0":{"start":{"line":4,"column":25},"end":{"line":4,"column":34}},"1":{"start":{"line":6,"column":20},"end":{"line":7,"column":54}},"2":{"start":{"line":7,"column":2},"end":{"line":7,"column":54}},"3":{"start":{"line":9,"column":21},"end":{"line":10,"column":47}},"4":{"start":{"line":10,"column":2},"end":{"line":10,"column":47}},"5":{"start":{"line":19,"column":2},"end":{"line":22,"column":3}},"6":{"start":{"line":20,"column":4},"end":{"line":20,"column":69}},"7":{"start":{"line":21,"column":4},"end":{"line":21,"column":29}},"8":{"start":{"line":23,"column":18},"end":{"line":30,"column":3}},"9":{"start":{"line":32,"column":2},"end":{"line":32,"column":71}},"10":{"start":{"line":33,"column":2},"end":{"line":37,"column":5}},"11":{"start":{"line":35,"column":4},"end":{"line":35,"column":68}},"12":{"start":{"line":36,"column":4},"end":{"line":36,"column":14}},"13":{"start":{"line":47,"column":2},"end":{"line":47,"column":85}},"14":{"start":{"line":48,"column":19},"end":{"line":48,"column":40}},"15":{"start":{"line":49,"column":22},"end":{"line":68,"column":3}},"16":{"start":{"line":52,"column":20},"end":{"line":52,"column":22}},"17":{"start":{"line":53,"column":6},"end":{"line":58,"column":9}},"18":{"start":{"line":54,"column":22},"end":{"line":54,"column":33}},"19":{"start":{"line":55,"column":8},"end":{"line":55,"column":27}},"20":{"start":{"line":55,"column":20},"end":{"line":55,"column":27}},"21":{"start":{"line":56,"column":8},"end":{"line":56,"column":59}},"22":{"start":{"line":56,"column":52},"end":{"line":56,"column":59}},"23":{"start":{"line":57,"column":8},"end":{"line":57,"column":49}},"24":{"start":{"line":60,"column":6},"end":{"line":60,"column":88}},"25":{"start":{"line":61,"column":6},"end":{"line":61,"column":24}},"26":{"start":{"line":65,"column":6},"end":{"line":65,"column":68}},"27":{"start":{"line":66,"column":6},"end":{"line":66,"column":23}},"28":{"start":{"line":70,"column":2},"end":{"line":74,"column":4}},"29":{"start":{"line":72,"column":4},"end":{"line":72,"column":65}},"30":{"start":{"line":73,"column":4},"end":{"line":73,"column":18}},"31":{"start":{"line":78,"column":2},"end":{"line":81,"column":3}},"32":{"start":{"line":79,"column":4},"end":{"line":79,"column":72}},"33":{"start":{"line":80,"column":4},"end":{"line":80,"column":29}},"34":{"start":{"line":83,"column":2},"end":{"line":83,"column":72}},"35":{"start":{"line":84,"column":2},"end":{"line":88,"column":5}},"36":{"start":{"line":86,"column":4},"end":{"line":86,"column":69}},"37":{"start":{"line":87,"column":4},"end":{"line":87,"column":14}},"38":{"start":{"line":92,"column":2},"end":{"line":95,"column":3}},"39":{"start":{"line":93,"column":4},"end":{"line":93,"column":83}},"40":{"start":{"line":94,"column":4},"end":{"line":94,"column":20}},"41":{"start":{"line":97,"column":2},"end":{"line":97,"column":85}},"42":{"start":{"line":98,"column":19},"end":{"line":98,"column":44}},"43":{"start":{"line":99,"column":21},"end":{"line":99,"column":43}},"44":{"start":{"line":100,"column":2},"end":{"line":103,"column":5}},"45":{"start":{"line":102,"column":4},"end":{"line":102,"column":78}},"46":{"start":{"line":104,"column":2},"end":{"line":108,"column":4}},"47":{"start":{"line":106,"column":4},"end":{"line":106,"column":86}},"48":{"start":{"line":107,"column":4},"end":{"line":107,"column":40}},"49":{"start":{"line":111,"column":27},"end":{"line":115,"column":1}}},"fnMap":{"0":{"name":"(anonymous_0)","decl":{"start":{"line":6,"column":20},"end":{"line":6,"column":21}},"loc":{"start":{"line":7,"column":2},"end":{"line":7,"column":54}},"line":7},"1":{"name":"(anonymous_1)","decl":{"start":{"line":9,"column":21},"end":{"line":9,"column":22}},"loc":{"start":{"line":10,"column":2},"end":{"line":10,"column":47}},"line":10},"2":{"name":"setPresence","decl":{"start":{"line":12,"column":16},"end":{"line":12,"column":27}},"loc":{"start":{"line":18,"column":8},"end":{"line":38,"column":1}},"line":18},"3":{"name":"(anonymous_3)","decl":{"start":{"line":33,"column":55},"end":{"line":33,"column":56}},"loc":{"start":{"line":33,"column":64},"end":{"line":37,"column":3}},"line":33},"4":{"name":"subscribeToPresence","decl":{"start":{"line":40,"column":16},"end":{"line":40,"column":35}},"loc":{"start":{"line":45,"column":8},"end":{"line":75,"column":1}},"line":45},"5":{"name":"(anonymous_5)","decl":{"start":{"line":51,"column":4},"end":{"line":51,"column":5}},"loc":{"start":{"line":51,"column":18},"end":{"line":62,"column":5}},"line":51},"6":{"name":"(anonymous_6)","decl":{"start":{"line":53,"column":23},"end":{"line":53,"column":24}},"loc":{"start":{"line":53,"column":34},"end":{"line":58,"column":7}},"line":53},"7":{"name":"(anonymous_7)","decl":{"start":{"line":63,"column":4},"end":{"line":63,"column":5}},"loc":{"start":{"line":63,"column":15},"end":{"line":67,"column":5}},"line":63},"8":{"name":"(anonymous_8)","decl":{"start":{"line":70,"column":9},"end":{"line":70,"column":10}},"loc":{"start":{"line":70,"column":15},"end":{"line":74,"column":3}},"line":70},"9":{"name":"removePresence","decl":{"start":{"line":77,"column":16},"end":{"line":77,"column":30}},"loc":{"start":{"line":77,"column":73},"end":{"line":89,"column":1}},"line":77},"10":{"name":"(anonymous_10)","decl":{"start":{"line":84,"column":49},"end":{"line":84,"column":50}},"loc":{"start":{"line":84,"column":58},"end":{"line":88,"column":3}},"line":84},"11":{"name":"registerDisconnectCleanup","decl":{"start":{"line":91,"column":16},"end":{"line":91,"column":41}},"loc":{"start":{"line":91,"column":84},"end":{"line":109,"column":1}},"line":91},"12":{"name":"(anonymous_12)","decl":{"start":{"line":94,"column":11},"end":{"line":94,"column":12}},"loc":{"start":{"line":94,"column":17},"end":{"line":94,"column":19}},"line":94},"13":{"name":"(anonymous_13)","decl":{"start":{"line":100,"column":28},"end":{"line":100,"column":29}},"loc":{"start":{"line":100,"column":37},"end":{"line":103,"column":3}},"line":100},"14":{"name":"(anonymous_14)","decl":{"start":{"line":104,"column":9},"end":{"line":104,"column":10}},"loc":{"start":{"line":104,"column":15},"end":{"line":108,"column":3}},"line":104},"15":{"name":"(anonymous_15)","decl":{"start":{"line":107,"column":30},"end":{"line":107,"column":31}},"loc":{"start":{"line":107,"column":36},"end":{"line":107,"column":38}},"line":107}},"branchMap":{"0":{"loc":{"start":{"line":6,"column":26},"end":{"line":6,"column":52}},"type":"default-arg","locations":[{"start":{"line":6,"column":36},"end":{"line":6,"column":52}}],"line":6},"1":{"loc":{"start":{"line":9,"column":22},"end":{"line":9,"column":48}},"type":"default-arg","locations":[{"start":{"line":9,"column":32},"end":{"line":9,"column":48}}],"line":9},"2":{"loc":{"start":{"line":12,"column":28},"end":{"line":18,"column":6}},"type":"default-arg","locations":[{"start":{"line":18,"column":4},"end":{"line":18,"column":6}}],"line":12},"3":{"loc":{"start":{"line":14,"column":2},"end":{"line":14,"column":28}},"type":"default-arg","locations":[{"start":{"line":14,"column":12},"end":{"line":14,"column":28}}],"line":14},"4":{"loc":{"start":{"line":15,"column":2},"end":{"line":15,"column":13}},"type":"default-arg","locations":[{"start":{"line":15,"column":9},"end":{"line":15,"column":13}}],"line":15},"5":{"loc":{"start":{"line":16,"column":2},"end":{"line":16,"column":14}},"type":"default-arg","locations":[{"start":{"line":16,"column":10},"end":{"line":16,"column":14}}],"line":16},"6":{"loc":{"start":{"line":17,"column":2},"end":{"line":17,"column":32}},"type":"default-arg","locations":[{"start":{"line":17,"column":15},"end":{"line":17,"column":32}}],"line":17},"7":{"loc":{"start":{"line":19,"column":2},"end":{"line":22,"column":3}},"type":"if","locations":[{"start":{"line":19,"column":2},"end":{"line":22,"column":3}},{"start":{},"end":{}}],"line":19},"8":{"loc":{"start":{"line":40,"column":36},"end":{"line":45,"column":6}},"type":"default-arg","locations":[{"start":{"line":45,"column":4},"end":{"line":45,"column":6}}],"line":40},"9":{"loc":{"start":{"line":41,"column":2},"end":{"line":41,"column":28}},"type":"default-arg","locations":[{"start":{"line":41,"column":12},"end":{"line":41,"column":28}}],"line":41},"10":{"loc":{"start":{"line":55,"column":8},"end":{"line":55,"column":27}},"type":"if","locations":[{"start":{"line":55,"column":8},"end":{"line":55,"column":27}},{"start":{},"end":{}}],"line":55},"11":{"loc":{"start":{"line":56,"column":8},"end":{"line":56,"column":59}},"type":"if","locations":[{"start":{"line":56,"column":8},"end":{"line":56,"column":59}},{"start":{},"end":{}}],"line":56},"12":{"loc":{"start":{"line":56,"column":12},"end":{"line":56,"column":50}},"type":"binary-expr","locations":[{"start":{"line":56,"column":12},"end":{"line":56,"column":22}},{"start":{"line":56,"column":26},"end":{"line":56,"column":50}}],"line":56},"13":{"loc":{"start":{"line":77,"column":31},"end":{"line":77,"column":71}},"type":"default-arg","locations":[{"start":{"line":77,"column":69},"end":{"line":77,"column":71}}],"line":77},"14":{"loc":{"start":{"line":77,"column":38},"end":{"line":77,"column":64}},"type":"default-arg","locations":[{"start":{"line":77,"column":48},"end":{"line":77,"column":64}}],"line":77},"15":{"loc":{"start":{"line":78,"column":2},"end":{"line":81,"column":3}},"type":"if","locations":[{"start":{"line":78,"column":2},"end":{"line":81,"column":3}},{"start":{},"end":{}}],"line":78},"16":{"loc":{"start":{"line":91,"column":42},"end":{"line":91,"column":82}},"type":"default-arg","locations":[{"start":{"line":91,"column":80},"end":{"line":91,"column":82}}],"line":91},"17":{"loc":{"start":{"line":91,"column":49},"end":{"line":91,"column":75}},"type":"default-arg","locations":[{"start":{"line":91,"column":59},"end":{"line":91,"column":75}}],"line":91},"18":{"loc":{"start":{"line":92,"column":2},"end":{"line":95,"column":3}},"type":"if","locations":[{"start":{"line":92,"column":2},"end":{"line":95,"column":3}},{"start":{},"end":{}}],"line":92}},"s":{"0":1,"1":1,"2":4,"3":1,"4":2,"5":1,"6":0,"7":0,"8":1,"9":1,"10":1,"11":0,"12":0,"13":1,"14":1,"15":1,"16":1,"17":1,"18":2,"19":2,"20":0,"21":2,"22":1,"23":1,"24":1,"25":1,"26":0,"27":0,"28":1,"29":1,"30":1,"31":1,"32":0,"33":0,"34":1,"35":1,"36":0,"37":0,"38":1,"39":0,"40":0,"41":1,"42":1,"43":1,"44":1,"45":0,"46":1,"47":1,"48":1,"49":1},"f":{"0":4,"1":2,"2":1,"3":0,"4":1,"5":1,"6":2,"7":0,"8":1,"9":1,"10":0,"11":1,"12":0,"13":0,"14":1,"15":0},"b":{"0":[1],"1":[0],"2":[0],"3":[1],"4":[0],"5":[0],"6":[1],"7":[0,1],"8":[0],"9":[0],"10":[0,2],"11":[1,1],"12":[2,2],"13":[0],"14":[0],"15":[0,1],"16":[0],"17":[1],"18":[0,1]},"_coverageSchema":"1a1c01bbd47fc00a2c39e90264f33305004495a9","hash":"98254b70bae4d8275b6b126063c4e1038e13122c"}
,"/Users/ethan/Desktop/Github/Gauntlet/CollabCanvas/collabcanvas-app/src/services/realtimeCursorService.js": {"path":"/Users/ethan/Desktop/Github/Gauntlet/CollabCanvas/collabcanvas-app/src/services/realtimeCursorService.js","statementMap":{"0":{"start":{"line":4,"column":25},"end":{"line":4,"column":34}},"1":{"start":{"line":6,"column":18},"end":{"line":7,"column":53}},"2":{"start":{"line":7,"column":2},"end":{"line":7,"column":53}},"3":{"start":{"line":9,"column":19},"end":{"line":10,"column":46}},"4":{"start":{"line":10,"column":2},"end":{"line":10,"column":46}},"5":{"start":{"line":22,"column":2},"end":{"line":25,"column":3}},"6":{"start":{"line":23,"column":4},"end":{"line":23,"column":81}},"7":{"start":{"line":24,"column":4},"end":{"line":24,"column":29}},"8":{"start":{"line":26,"column":18},"end":{"line":35,"column":3}},"9":{"start":{"line":36,"column":2},"end":{"line":36,"column":90}},"10":{"start":{"line":37,"column":2},"end":{"line":40,"column":5}},"11":{"start":{"line":38,"column":4},"end":{"line":38,"column":81}},"12":{"start":{"line":39,"column":4},"end":{"line":39,"column":14}},"13":{"start":{"line":49,"column":2},"end":{"line":49,"column":90}},"14":{"start":{"line":50,"column":19},"end":{"line":50,"column":38}},"15":{"start":{"line":51,"column":22},"end":{"line":68,"column":3}},"16":{"start":{"line":54,"column":22},"end":{"line":54,"column":24}},"17":{"start":{"line":55,"column":6},"end":{"line":60,"column":9}},"18":{"start":{"line":56,"column":22},"end":{"line":56,"column":33}},"19":{"start":{"line":57,"column":8},"end":{"line":57,"column":27}},"20":{"start":{"line":57,"column":20},"end":{"line":57,"column":27}},"21":{"start":{"line":58,"column":8},"end":{"line":58,"column":59}},"22":{"start":{"line":58,"column":52},"end":{"line":58,"column":59}},"23":{"start":{"line":59,"column":8},"end":{"line":59,"column":51}},"24":{"start":{"line":61,"column":6},"end":{"line":61,"column":96}},"25":{"start":{"line":62,"column":6},"end":{"line":62,"column":26}},"26":{"start":{"line":65,"column":6},"end":{"line":65,"column":74}},"27":{"start":{"line":66,"column":6},"end":{"line":66,"column":23}},"28":{"start":{"line":70,"column":2},"end":{"line":73,"column":4}},"29":{"start":{"line":71,"column":4},"end":{"line":71,"column":70}},"30":{"start":{"line":72,"column":4},"end":{"line":72,"column":18}},"31":{"start":{"line":77,"column":2},"end":{"line":80,"column":3}},"32":{"start":{"line":78,"column":4},"end":{"line":78,"column":76}},"33":{"start":{"line":79,"column":4},"end":{"line":79,"column":29}},"34":{"start":{"line":81,"column":2},"end":{"line":81,"column":76}},"35":{"start":{"line":82,"column":2},"end":{"line":85,"column":5}},"36":{"start":{"line":83,"column":4},"end":{"line":83,"column":73}},"37":{"start":{"line":84,"column":4},"end":{"line":84,"column":14}},"38":{"start":{"line":89,"column":2},"end":{"line":92,"column":3}},"39":{"start":{"line":90,"column":4},"end":{"line":90,"column":89}},"40":{"start":{"line":91,"column":4},"end":{"line":91,"column":20}},"41":{"start":{"line":93,"column":2},"end":{"line":93,"column":91}},"42":{"start":{"line":94,"column":19},"end":{"line":94,"column":42}},"43":{"start":{"line":95,"column":21},"end":{"line":95,"column":43}},"44":{"start":{"line":96,"column":2},"end":{"line":98,"column":5}},"45":{"start":{"line":97,"column":4},"end":{"line":97,"column":84}},"46":{"start":{"line":99,"column":2},"end":{"line":102,"column":4}},"47":{"start":{"line":100,"column":4},"end":{"line":100,"column":92}},"48":{"start":{"line":101,"column":4},"end":{"line":101,"column":40}},"49":{"start":{"line":105,"column":27},"end":{"line":109,"column":1}}},"fnMap":{"0":{"name":"(anonymous_0)","decl":{"start":{"line":6,"column":18},"end":{"line":6,"column":19}},"loc":{"start":{"line":7,"column":2},"end":{"line":7,"column":53}},"line":7},"1":{"name":"(anonymous_1)","decl":{"start":{"line":9,"column":19},"end":{"line":9,"column":20}},"loc":{"start":{"line":10,"column":2},"end":{"line":10,"column":46}},"line":10},"2":{"name":"setCursorPosition","decl":{"start":{"line":12,"column":16},"end":{"line":12,"column":33}},"loc":{"start":{"line":21,"column":8},"end":{"line":41,"column":1}},"line":21},"3":{"name":"(anonymous_3)","decl":{"start":{"line":37,"column":53},"end":{"line":37,"column":54}},"loc":{"start":{"line":37,"column":62},"end":{"line":40,"column":3}},"line":37},"4":{"name":"subscribeToCursors","decl":{"start":{"line":43,"column":16},"end":{"line":43,"column":34}},"loc":{"start":{"line":48,"column":8},"end":{"line":74,"column":1}},"line":48},"5":{"name":"(anonymous_5)","decl":{"start":{"line":53,"column":4},"end":{"line":53,"column":5}},"loc":{"start":{"line":53,"column":18},"end":{"line":63,"column":5}},"line":53},"6":{"name":"(anonymous_6)","decl":{"start":{"line":55,"column":23},"end":{"line":55,"column":24}},"loc":{"start":{"line":55,"column":34},"end":{"line":60,"column":7}},"line":55},"7":{"name":"(anonymous_7)","decl":{"start":{"line":64,"column":4},"end":{"line":64,"column":5}},"loc":{"start":{"line":64,"column":15},"end":{"line":67,"column":5}},"line":64},"8":{"name":"(anonymous_8)","decl":{"start":{"line":70,"column":9},"end":{"line":70,"column":10}},"loc":{"start":{"line":70,"column":15},"end":{"line":73,"column":3}},"line":70},"9":{"name":"removeCursor","decl":{"start":{"line":76,"column":16},"end":{"line":76,"column":28}},"loc":{"start":{"line":76,"column":71},"end":{"line":86,"column":1}},"line":76},"10":{"name":"(anonymous_10)","decl":{"start":{"line":82,"column":47},"end":{"line":82,"column":48}},"loc":{"start":{"line":82,"column":56},"end":{"line":85,"column":3}},"line":82},"11":{"name":"registerDisconnectCleanup","decl":{"start":{"line":88,"column":16},"end":{"line":88,"column":41}},"loc":{"start":{"line":88,"column":84},"end":{"line":103,"column":1}},"line":88},"12":{"name":"(anonymous_12)","decl":{"start":{"line":91,"column":11},"end":{"line":91,"column":12}},"loc":{"start":{"line":91,"column":17},"end":{"line":91,"column":19}},"line":91},"13":{"name":"(anonymous_13)","decl":{"start":{"line":96,"column":28},"end":{"line":96,"column":29}},"loc":{"start":{"line":96,"column":37},"end":{"line":98,"column":3}},"line":96},"14":{"name":"(anonymous_14)","decl":{"start":{"line":99,"column":9},"end":{"line":99,"column":10}},"loc":{"start":{"line":99,"column":15},"end":{"line":102,"column":3}},"line":99},"15":{"name":"(anonymous_15)","decl":{"start":{"line":101,"column":30},"end":{"line":101,"column":31}},"loc":{"start":{"line":101,"column":36},"end":{"line":101,"column":38}},"line":101}},"branchMap":{"0":{"loc":{"start":{"line":6,"column":24},"end":{"line":6,"column":50}},"type":"default-arg","locations":[{"start":{"line":6,"column":34},"end":{"line":6,"column":50}}],"line":6},"1":{"loc":{"start":{"line":9,"column":20},"end":{"line":9,"column":46}},"type":"default-arg","locations":[{"start":{"line":9,"column":30},"end":{"line":9,"column":46}}],"line":9},"2":{"loc":{"start":{"line":12,"column":34},"end":{"line":21,"column":6}},"type":"default-arg","locations":[{"start":{"line":21,"column":4},"end":{"line":21,"column":6}}],"line":12},"3":{"loc":{"start":{"line":14,"column":2},"end":{"line":14,"column":28}},"type":"default-arg","locations":[{"start":{"line":14,"column":12},"end":{"line":14,"column":28}}],"line":14},"4":{"loc":{"start":{"line":17,"column":2},"end":{"line":17,"column":11}},"type":"default-arg","locations":[{"start":{"line":17,"column":10},"end":{"line":17,"column":11}}],"line":17},"5":{"loc":{"start":{"line":18,"column":2},"end":{"line":18,"column":13}},"type":"default-arg","locations":[{"start":{"line":18,"column":9},"end":{"line":18,"column":13}}],"line":18},"6":{"loc":{"start":{"line":19,"column":2},"end":{"line":19,"column":14}},"type":"default-arg","locations":[{"start":{"line":19,"column":10},"end":{"line":19,"column":14}}],"line":19},"7":{"loc":{"start":{"line":20,"column":2},"end":{"line":20,"column":32}},"type":"default-arg","locations":[{"start":{"line":20,"column":15},"end":{"line":20,"column":32}}],"line":20},"8":{"loc":{"start":{"line":22,"column":2},"end":{"line":25,"column":3}},"type":"if","locations":[{"start":{"line":22,"column":2},"end":{"line":25,"column":3}},{"start":{},"end":{}}],"line":22},"9":{"loc":{"start":{"line":43,"column":35},"end":{"line":48,"column":6}},"type":"default-arg","locations":[{"start":{"line":48,"column":4},"end":{"line":48,"column":6}}],"line":43},"10":{"loc":{"start":{"line":44,"column":2},"end":{"line":44,"column":28}},"type":"default-arg","locations":[{"start":{"line":44,"column":12},"end":{"line":44,"column":28}}],"line":44},"11":{"loc":{"start":{"line":57,"column":8},"end":{"line":57,"column":27}},"type":"if","locations":[{"start":{"line":57,"column":8},"end":{"line":57,"column":27}},{"start":{},"end":{}}],"line":57},"12":{"loc":{"start":{"line":58,"column":8},"end":{"line":58,"column":59}},"type":"if","locations":[{"start":{"line":58,"column":8},"end":{"line":58,"column":59}},{"start":{},"end":{}}],"line":58},"13":{"loc":{"start":{"line":58,"column":12},"end":{"line":58,"column":50}},"type":"binary-expr","locations":[{"start":{"line":58,"column":12},"end":{"line":58,"column":22}},{"start":{"line":58,"column":26},"end":{"line":58,"column":50}}],"line":58},"14":{"loc":{"start":{"line":76,"column":29},"end":{"line":76,"column":69}},"type":"default-arg","locations":[{"start":{"line":76,"column":67},"end":{"line":76,"column":69}}],"line":76},"15":{"loc":{"start":{"line":76,"column":36},"end":{"line":76,"column":62}},"type":"default-arg","locations":[{"start":{"line":76,"column":46},"end":{"line":76,"column":62}}],"line":76},"16":{"loc":{"start":{"line":77,"column":2},"end":{"line":80,"column":3}},"type":"if","locations":[{"start":{"line":77,"column":2},"end":{"line":80,"column":3}},{"start":{},"end":{}}],"line":77},"17":{"loc":{"start":{"line":88,"column":42},"end":{"line":88,"column":82}},"type":"default-arg","locations":[{"start":{"line":88,"column":80},"end":{"line":88,"column":82}}],"line":88},"18":{"loc":{"start":{"line":88,"column":49},"end":{"line":88,"column":75}},"type":"default-arg","locations":[{"start":{"line":88,"column":59},"end":{"line":88,"column":75}}],"line":88},"19":{"loc":{"start":{"line":89,"column":2},"end":{"line":92,"column":3}},"type":"if","locations":[{"start":{"line":89,"column":2},"end":{"line":92,"column":3}},{"start":{},"end":{}}],"line":89}},"s":{"0":1,"1":1,"2":4,"3":1,"4":3,"5":2,"6":1,"7":1,"8":1,"9":1,"10":1,"11":0,"12":0,"13":2,"14":2,"15":2,"16":1,"17":1,"18":2,"19":2,"20":0,"21":2,"22":1,"23":1,"24":1,"25":1,"26":0,"27":0,"28":2,"29":1,"30":1,"31":2,"32":1,"33":1,"34":1,"35":1,"36":0,"37":0,"38":2,"39":1,"40":1,"41":1,"42":1,"43":1,"44":1,"45":0,"46":1,"47":1,"48":1,"49":1},"f":{"0":4,"1":3,"2":2,"3":0,"4":2,"5":1,"6":2,"7":0,"8":1,"9":2,"10":0,"11":2,"12":1,"13":0,"14":1,"15":0},"b":{"0":[1],"1":[0],"2":[0],"3":[2],"4":[2],"5":[2],"6":[2],"7":[2],"8":[1,1],"9":[0],"10":[1],"11":[0,2],"12":[1,1],"13":[2,2],"14":[0],"15":[1],"16":[1,1],"17":[0],"18":[2],"19":[1,1]},"_coverageSchema":"1a1c01bbd47fc00a2c39e90264f33305004495a9","hash":"6d48168ef7b72a3af0222af541795cc429cc6059"}
,"/Users/ethan/Desktop/Github/Gauntlet/CollabCanvas/collabcanvas-app/src/utils/canvas.js": {"path":"/Users/ethan/Desktop/Github/Gauntlet/CollabCanvas/collabcanvas-app/src/utils/canvas.js","statementMap":{"0":{"start":{"line":6,"column":25},"end":{"line":6,"column":28}},"1":{"start":{"line":7,"column":25},"end":{"line":7,"column":28}},"2":{"start":{"line":8,"column":26},"end":{"line":8,"column":29}},"3":{"start":{"line":15,"column":30},"end":{"line":17,"column":1}},"4":{"start":{"line":16,"column":2},"end":{"line":16,"column":57}},"5":{"start":{"line":25,"column":33},"end":{"line":29,"column":1}},"6":{"start":{"line":26,"column":18},"end":{"line":26,"column":62}},"7":{"start":{"line":27,"column":19},"end":{"line":27,"column":41}},"8":{"start":{"line":28,"column":2},"end":{"line":28,"column":34}},"9":{"start":{"line":40,"column":37},"end":{"line":50,"column":1}},"10":{"start":{"line":41,"column":23},"end":{"line":44,"column":3}},"11":{"start":{"line":46,"column":2},"end":{"line":49,"column":4}}},"fnMap":{"0":{"name":"(anonymous_0)","decl":{"start":{"line":15,"column":30},"end":{"line":15,"column":31}},"loc":{"start":{"line":15,"column":41},"end":{"line":17,"column":1}},"line":15},"1":{"name":"(anonymous_1)","decl":{"start":{"line":25,"column":33},"end":{"line":25,"column":34}},"loc":{"start":{"line":25,"column":59},"end":{"line":29,"column":1}},"line":25},"2":{"name":"(anonymous_2)","decl":{"start":{"line":40,"column":37},"end":{"line":40,"column":38}},"loc":{"start":{"line":40,"column":85},"end":{"line":50,"column":1}},"line":40}},"branchMap":{"0":{"loc":{"start":{"line":26,"column":18},"end":{"line":26,"column":62}},"type":"cond-expr","locations":[{"start":{"line":26,"column":31},"end":{"line":26,"column":45}},{"start":{"line":26,"column":48},"end":{"line":26,"column":62}}],"line":26}},"s":{"0":1,"1":1,"2":1,"3":1,"4":16,"5":1,"6":6,"7":6,"8":6,"9":1,"10":4,"11":4},"f":{"0":16,"1":6,"2":4},"b":{"0":[3,3]},"_coverageSchema":"1a1c01bbd47fc00a2c39e90264f33305004495a9","hash":"718a1257f311b62cd9cd52e9fc05bd3648768d9f"}
,"/Users/ethan/Desktop/Github/Gauntlet/CollabCanvas/collabcanvas-app/src/utils/colors.js": {"path":"/Users/ethan/Desktop/Github/Gauntlet/CollabCanvas/collabcanvas-app/src/utils/colors.js","statementMap":{"0":{"start":{"line":6,"column":29},"end":{"line":17,"column":1}},"1":{"start":{"line":23,"column":30},"end":{"line":25,"column":1}},"2":{"start":{"line":24,"column":2},"end":{"line":24,"column":73}},"3":{"start":{"line":32,"column":31},"end":{"line":34,"column":1}},"4":{"start":{"line":33,"column":2},"end":{"line":33,"column":53}},"5":{"start":{"line":41,"column":31},"end":{"line":43,"column":1}},"6":{"start":{"line":42,"column":2},"end":{"line":42,"column":39}}},"fnMap":{"0":{"name":"(anonymous_0)","decl":{"start":{"line":23,"column":30},"end":{"line":23,"column":31}},"loc":{"start":{"line":23,"column":36},"end":{"line":25,"column":1}},"line":23},"1":{"name":"(anonymous_1)","decl":{"start":{"line":32,"column":31},"end":{"line":32,"column":32}},"loc":{"start":{"line":32,"column":42},"end":{"line":34,"column":1}},"line":32},"2":{"name":"(anonymous_2)","decl":{"start":{"line":41,"column":31},"end":{"line":41,"column":32}},"loc":{"start":{"line":41,"column":42},"end":{"line":43,"column":1}},"line":41}},"branchMap":{},"s":{"0":5,"1":5,"2":61,"3":5,"4":5,"5":5,"6":10},"f":{"0":61,"1":5,"2":10},"b":{},"_coverageSchema":"1a1c01bbd47fc00a2c39e90264f33305004495a9","hash":"1e6ce0bb32281c39f16f54f79b1100f33f53106b"}
,"/Users/ethan/Desktop/Github/Gauntlet/CollabCanvas/collabcanvas-app/src/utils/cursorColors.js": {"path":"/Users/ethan/Desktop/Github/Gauntlet/CollabCanvas/collabcanvas-app/src/utils/cursorColors.js","statementMap":{"0":{"start":{"line":3,"column":19},"end":{"line":3,"column":28}},"1":{"start":{"line":6,"column":2},"end":{"line":6,"column":29}},"2":{"start":{"line":6,"column":12},"end":{"line":6,"column":29}},"3":{"start":{"line":7,"column":2},"end":{"line":7,"column":54}},"4":{"start":{"line":7,"column":27},"end":{"line":7,"column":54}},"5":{"start":{"line":8,"column":13},"end":{"line":8,"column":14}},"6":{"start":{"line":9,"column":2},"end":{"line":12,"column":3}},"7":{"start":{"line":9,"column":15},"end":{"line":9,"column":16}},"8":{"start":{"line":10,"column":4},"end":{"line":10,"column":50}},"9":{"start":{"line":11,"column":4},"end":{"line":11,"column":14}},"10":{"start":{"line":13,"column":16},"end":{"line":13,"column":53}},"11":{"start":{"line":14,"column":16},"end":{"line":14,"column":36}},"12":{"start":{"line":15,"column":2},"end":{"line":15,"column":29}},"13":{"start":{"line":16,"column":2},"end":{"line":16,"column":15}},"14":{"start":{"line":20,"column":2},"end":{"line":26,"column":3}},"15":{"start":{"line":21,"column":18},"end":{"line":21,"column":42}},"16":{"start":{"line":22,"column":4},"end":{"line":24,"column":5}},"17":{"start":{"line":23,"column":6},"end":{"line":23,"column":48}},"18":{"start":{"line":25,"column":4},"end":{"line":25,"column":83}},"19":{"start":{"line":27,"column":2},"end":{"line":30,"column":3}},"20":{"start":{"line":28,"column":18},"end":{"line":28,"column":43}},"21":{"start":{"line":29,"column":4},"end":{"line":29,"column":43}},"22":{"start":{"line":31,"column":2},"end":{"line":31,"column":14}},"23":{"start":{"line":35,"column":2},"end":{"line":35,"column":21}}},"fnMap":{"0":{"name":"getColorForUser","decl":{"start":{"line":5,"column":16},"end":{"line":5,"column":31}},"loc":{"start":{"line":5,"column":37},"end":{"line":17,"column":1}},"line":5},"1":{"name":"getInitials","decl":{"start":{"line":19,"column":16},"end":{"line":19,"column":27}},"loc":{"start":{"line":19,"column":41},"end":{"line":32,"column":1}},"line":19},"2":{"name":"clearColorCache","decl":{"start":{"line":34,"column":16},"end":{"line":34,"column":31}},"loc":{"start":{"line":34,"column":34},"end":{"line":36,"column":1}},"line":34}},"branchMap":{"0":{"loc":{"start":{"line":6,"column":2},"end":{"line":6,"column":29}},"type":"if","locations":[{"start":{"line":6,"column":2},"end":{"line":6,"column":29}},{"start":{},"end":{}}],"line":6},"1":{"loc":{"start":{"line":7,"column":2},"end":{"line":7,"column":54}},"type":"if","locations":[{"start":{"line":7,"column":2},"end":{"line":7,"column":54}},{"start":{},"end":{}}],"line":7},"2":{"loc":{"start":{"line":20,"column":2},"end":{"line":26,"column":3}},"type":"if","locations":[{"start":{"line":20,"column":2},"end":{"line":26,"column":3}},{"start":{},"end":{}}],"line":20},"3":{"loc":{"start":{"line":22,"column":4},"end":{"line":24,"column":5}},"type":"if","locations":[{"start":{"line":22,"column":4},"end":{"line":24,"column":5}},{"start":{},"end":{}}],"line":22},"4":{"loc":{"start":{"line":25,"column":14},"end":{"line":25,"column":31}},"type":"binary-expr","locations":[{"start":{"line":25,"column":14},"end":{"line":25,"column":25}},{"start":{"line":25,"column":29},"end":{"line":25,"column":31}}],"line":25},"5":{"loc":{"start":{"line":25,"column":34},"end":{"line":25,"column":66}},"type":"binary-expr","locations":[{"start":{"line":25,"column":34},"end":{"line":25,"column":60}},{"start":{"line":25,"column":64},"end":{"line":25,"column":66}}],"line":25},"6":{"loc":{"start":{"line":27,"column":2},"end":{"line":30,"column":3}},"type":"if","locations":[{"start":{"line":27,"column":2},"end":{"line":30,"column":3}},{"start":{},"end":{}}],"line":27},"7":{"loc":{"start":{"line":28,"column":18},"end":{"line":28,"column":43}},"type":"binary-expr","locations":[{"start":{"line":28,"column":18},"end":{"line":28,"column":37}},{"start":{"line":28,"column":41},"end":{"line":28,"column":43}}],"line":28}},"s":{"0":3,"1":10,"2":0,"3":10,"4":7,"5":3,"6":3,"7":3,"8":24,"9":24,"10":3,"11":3,"12":3,"13":3,"14":1,"15":0,"16":0,"17":0,"18":0,"19":1,"20":1,"21":1,"22":0,"23":0},"f":{"0":10,"1":1,"2":0},"b":{"0":[0,10],"1":[7,3],"2":[0,1],"3":[0,0],"4":[0,0],"5":[0,0],"6":[1,0],"7":[1,0]},"_coverageSchema":"1a1c01bbd47fc00a2c39e90264f33305004495a9","hash":"fff28d4d8004b3fdf19672b139bfe4037e3ec2cc"}
,"/Users/ethan/Desktop/Github/Gauntlet/CollabCanvas/collabcanvas-app/src/utils/shapes.js": {"path":"/Users/ethan/Desktop/Github/Gauntlet/CollabCanvas/collabcanvas-app/src/utils/shapes.js","statementMap":{"0":{"start":{"line":9,"column":27},"end":{"line":13,"column":1}},"1":{"start":{"line":16,"column":33},"end":{"line":16,"column":60}},"2":{"start":{"line":17,"column":37},"end":{"line":17,"column":39}},"3":{"start":{"line":18,"column":33},"end":{"line":18,"column":35}},"4":{"start":{"line":27,"column":31},"end":{"line":41,"column":1}},"5":{"start":{"line":28,"column":2},"end":{"line":40,"column":4}},"6":{"start":{"line":50,"column":28},"end":{"line":63,"column":1}},"7":{"start":{"line":51,"column":2},"end":{"line":62,"column":4}},"8":{"start":{"line":73,"column":26},"end":{"line":85,"column":1}},"9":{"start":{"line":74,"column":2},"end":{"line":84,"column":4}},"10":{"start":{"line":95,"column":27},"end":{"line":106,"column":1}},"11":{"start":{"line":96,"column":2},"end":{"line":105,"column":3}},"12":{"start":{"line":98,"column":6},"end":{"line":98,"column":46}},"13":{"start":{"line":100,"column":6},"end":{"line":100,"column":43}},"14":{"start":{"line":102,"column":6},"end":{"line":102,"column":65}},"15":{"start":{"line":104,"column":6},"end":{"line":104,"column":53}}},"fnMap":{"0":{"name":"(anonymous_0)","decl":{"start":{"line":27,"column":31},"end":{"line":27,"column":32}},"loc":{"start":{"line":27,"column":57},"end":{"line":41,"column":1}},"line":27},"1":{"name":"(anonymous_1)","decl":{"start":{"line":50,"column":28},"end":{"line":50,"column":29}},"loc":{"start":{"line":50,"column":54},"end":{"line":63,"column":1}},"line":50},"2":{"name":"(anonymous_2)","decl":{"start":{"line":73,"column":26},"end":{"line":73,"column":27}},"loc":{"start":{"line":73,"column":83},"end":{"line":85,"column":1}},"line":73},"3":{"name":"(anonymous_3)","decl":{"start":{"line":95,"column":27},"end":{"line":95,"column":28}},"loc":{"start":{"line":95,"column":59},"end":{"line":106,"column":1}},"line":95}},"branchMap":{"0":{"loc":{"start":{"line":27,"column":38},"end":{"line":27,"column":52}},"type":"default-arg","locations":[{"start":{"line":27,"column":50},"end":{"line":27,"column":52}}],"line":27},"1":{"loc":{"start":{"line":50,"column":35},"end":{"line":50,"column":49}},"type":"default-arg","locations":[{"start":{"line":50,"column":47},"end":{"line":50,"column":49}}],"line":50},"2":{"loc":{"start":{"line":73,"column":33},"end":{"line":73,"column":62}},"type":"default-arg","locations":[{"start":{"line":73,"column":40},"end":{"line":73,"column":62}}],"line":73},"3":{"loc":{"start":{"line":73,"column":64},"end":{"line":73,"column":78}},"type":"default-arg","locations":[{"start":{"line":73,"column":76},"end":{"line":73,"column":78}}],"line":73},"4":{"loc":{"start":{"line":95,"column":40},"end":{"line":95,"column":54}},"type":"default-arg","locations":[{"start":{"line":95,"column":52},"end":{"line":95,"column":54}}],"line":95},"5":{"loc":{"start":{"line":96,"column":2},"end":{"line":105,"column":3}},"type":"switch","locations":[{"start":{"line":97,"column":4},"end":{"line":98,"column":46}},{"start":{"line":99,"column":4},"end":{"line":100,"column":43}},{"start":{"line":101,"column":4},"end":{"line":102,"column":65}},{"start":{"line":103,"column":4},"end":{"line":104,"column":53}}],"line":96}},"s":{"0":1,"1":1,"2":1,"3":1,"4":1,"5":5,"6":1,"7":4,"8":1,"9":5,"10":1,"11":5,"12":2,"13":1,"14":1,"15":1},"f":{"0":5,"1":4,"2":5,"3":5},"b":{"0":[2],"1":[2],"2":[2],"3":[3],"4":[4],"5":[2,1,1,1]},"_coverageSchema":"1a1c01bbd47fc00a2c39e90264f33305004495a9","hash":"df37eaa3db8a59e5fbd1738f1cbf91ddd7127bfd"}
,"/Users/ethan/Desktop/Github/Gauntlet/CollabCanvas/collabcanvas-app/src/utils/throttle.js": {"path":"/Users/ethan/Desktop/Github/Gauntlet/CollabCanvas/collabcanvas-app/src/utils/throttle.js","statementMap":{"0":{"start":{"line":7,"column":23},"end":{"line":7,"column":24}},"1":{"start":{"line":8,"column":18},"end":{"line":8,"column":22}},"2":{"start":{"line":9,"column":17},"end":{"line":9,"column":21}},"3":{"start":{"line":10,"column":17},"end":{"line":10,"column":21}},"4":{"start":{"line":12,"column":17},"end":{"line":17,"column":3}},"5":{"start":{"line":13,"column":4},"end":{"line":13,"column":32}},"6":{"start":{"line":14,"column":4},"end":{"line":14,"column":21}},"7":{"start":{"line":15,"column":4},"end":{"line":15,"column":33}},"8":{"start":{"line":16,"column":4},"end":{"line":16,"column":31}},"9":{"start":{"line":20,"column":4},"end":{"line":20,"column":20}},"10":{"start":{"line":21,"column":4},"end":{"line":21,"column":20}},"11":{"start":{"line":22,"column":16},"end":{"line":22,"column":26}},"12":{"start":{"line":23,"column":22},"end":{"line":23,"column":52}},"13":{"start":{"line":25,"column":4},"end":{"line":33,"column":5}},"14":{"start":{"line":26,"column":6},"end":{"line":29,"column":7}},"15":{"start":{"line":27,"column":8},"end":{"line":27,"column":32}},"16":{"start":{"line":28,"column":8},"end":{"line":28,"column":25}},"17":{"start":{"line":30,"column":6},"end":{"line":30,"column":15}},"18":{"start":{"line":31,"column":11},"end":{"line":33,"column":5}},"19":{"start":{"line":32,"column":6},"end":{"line":32,"column":48}},"20":{"start":{"line":36,"column":2},"end":{"line":42,"column":4}},"21":{"start":{"line":37,"column":4},"end":{"line":40,"column":5}},"22":{"start":{"line":38,"column":6},"end":{"line":38,"column":30}},"23":{"start":{"line":39,"column":6},"end":{"line":39,"column":23}},"24":{"start":{"line":41,"column":4},"end":{"line":41,"column":31}},"25":{"start":{"line":44,"column":2},"end":{"line":49,"column":4}},"26":{"start":{"line":45,"column":4},"end":{"line":48,"column":5}},"27":{"start":{"line":46,"column":6},"end":{"line":46,"column":30}},"28":{"start":{"line":47,"column":6},"end":{"line":47,"column":15}},"29":{"start":{"line":51,"column":2},"end":{"line":51,"column":19}},"30":{"start":{"line":55,"column":18},"end":{"line":55,"column":22}},"31":{"start":{"line":56,"column":17},"end":{"line":56,"column":21}},"32":{"start":{"line":57,"column":17},"end":{"line":57,"column":21}},"33":{"start":{"line":60,"column":4},"end":{"line":60,"column":20}},"34":{"start":{"line":61,"column":4},"end":{"line":61,"column":20}},"35":{"start":{"line":62,"column":4},"end":{"line":62,"column":43}},"36":{"start":{"line":62,"column":19},"end":{"line":62,"column":43}},"37":{"start":{"line":63,"column":4},"end":{"line":66,"column":14}},"38":{"start":{"line":64,"column":6},"end":{"line":64,"column":35}},"39":{"start":{"line":65,"column":6},"end":{"line":65,"column":33}},"40":{"start":{"line":69,"column":2},"end":{"line":73,"column":4}},"41":{"start":{"line":70,"column":4},"end":{"line":70,"column":43}},"42":{"start":{"line":70,"column":19},"end":{"line":70,"column":43}},"43":{"start":{"line":71,"column":4},"end":{"line":71,"column":21}},"44":{"start":{"line":72,"column":4},"end":{"line":72,"column":31}},"45":{"start":{"line":75,"column":2},"end":{"line":80,"column":4}},"46":{"start":{"line":76,"column":4},"end":{"line":76,"column":27}},"47":{"start":{"line":76,"column":20},"end":{"line":76,"column":27}},"48":{"start":{"line":77,"column":4},"end":{"line":77,"column":28}},"49":{"start":{"line":78,"column":4},"end":{"line":78,"column":33}},"50":{"start":{"line":79,"column":4},"end":{"line":79,"column":31}},"51":{"start":{"line":82,"column":2},"end":{"line":82,"column":19}}},"fnMap":{"0":{"name":"throttle","decl":{"start":{"line":6,"column":16},"end":{"line":6,"column":24}},"loc":{"start":{"line":6,"column":42},"end":{"line":52,"column":1}},"line":6},"1":{"name":"(anonymous_1)","decl":{"start":{"line":12,"column":17},"end":{"line":12,"column":18}},"loc":{"start":{"line":12,"column":23},"end":{"line":17,"column":3}},"line":12},"2":{"name":"throttled","decl":{"start":{"line":19,"column":11},"end":{"line":19,"column":20}},"loc":{"start":{"line":19,"column":30},"end":{"line":34,"column":3}},"line":19},"3":{"name":"(anonymous_3)","decl":{"start":{"line":36,"column":21},"end":{"line":36,"column":22}},"loc":{"start":{"line":36,"column":27},"end":{"line":42,"column":3}},"line":36},"4":{"name":"(anonymous_4)","decl":{"start":{"line":44,"column":20},"end":{"line":44,"column":21}},"loc":{"start":{"line":44,"column":26},"end":{"line":49,"column":3}},"line":44},"5":{"name":"debounce","decl":{"start":{"line":54,"column":16},"end":{"line":54,"column":24}},"loc":{"start":{"line":54,"column":42},"end":{"line":83,"column":1}},"line":54},"6":{"name":"debounced","decl":{"start":{"line":59,"column":11},"end":{"line":59,"column":20}},"loc":{"start":{"line":59,"column":30},"end":{"line":67,"column":3}},"line":59},"7":{"name":"(anonymous_7)","decl":{"start":{"line":63,"column":27},"end":{"line":63,"column":28}},"loc":{"start":{"line":63,"column":33},"end":{"line":66,"column":5}},"line":63},"8":{"name":"(anonymous_8)","decl":{"start":{"line":69,"column":21},"end":{"line":69,"column":22}},"loc":{"start":{"line":69,"column":27},"end":{"line":73,"column":3}},"line":69},"9":{"name":"(anonymous_9)","decl":{"start":{"line":75,"column":20},"end":{"line":75,"column":21}},"loc":{"start":{"line":75,"column":26},"end":{"line":80,"column":3}},"line":75}},"branchMap":{"0":{"loc":{"start":{"line":6,"column":29},"end":{"line":6,"column":40}},"type":"default-arg","locations":[{"start":{"line":6,"column":37},"end":{"line":6,"column":40}}],"line":6},"1":{"loc":{"start":{"line":25,"column":4},"end":{"line":33,"column":5}},"type":"if","locations":[{"start":{"line":25,"column":4},"end":{"line":33,"column":5}},{"start":{"line":31,"column":11},"end":{"line":33,"column":5}}],"line":25},"2":{"loc":{"start":{"line":25,"column":8},"end":{"line":25,"column":43}},"type":"binary-expr","locations":[{"start":{"line":25,"column":8},"end":{"line":25,"column":22}},{"start":{"line":25,"column":26},"end":{"line":25,"column":43}}],"line":25},"3":{"loc":{"start":{"line":26,"column":6},"end":{"line":29,"column":7}},"type":"if","locations":[{"start":{"line":26,"column":6},"end":{"line":29,"column":7}},{"start":{},"end":{}}],"line":26},"4":{"loc":{"start":{"line":31,"column":11},"end":{"line":33,"column":5}},"type":"if","locations":[{"start":{"line":31,"column":11},"end":{"line":33,"column":5}},{"start":{},"end":{}}],"line":31},"5":{"loc":{"start":{"line":37,"column":4},"end":{"line":40,"column":5}},"type":"if","locations":[{"start":{"line":37,"column":4},"end":{"line":40,"column":5}},{"start":{},"end":{}}],"line":37},"6":{"loc":{"start":{"line":45,"column":4},"end":{"line":48,"column":5}},"type":"if","locations":[{"start":{"line":45,"column":4},"end":{"line":48,"column":5}},{"start":{},"end":{}}],"line":45},"7":{"loc":{"start":{"line":54,"column":29},"end":{"line":54,"column":40}},"type":"default-arg","locations":[{"start":{"line":54,"column":37},"end":{"line":54,"column":40}}],"line":54},"8":{"loc":{"start":{"line":62,"column":4},"end":{"line":62,"column":43}},"type":"if","locations":[{"start":{"line":62,"column":4},"end":{"line":62,"column":43}},{"start":{},"end":{}}],"line":62},"9":{"loc":{"start":{"line":70,"column":4},"end":{"line":70,"column":43}},"type":"if","locations":[{"start":{"line":70,"column":4},"end":{"line":70,"column":43}},{"start":{},"end":{}}],"line":70},"10":{"loc":{"start":{"line":76,"column":4},"end":{"line":76,"column":27}},"type":"if","locations":[{"start":{"line":76,"column":4},"end":{"line":76,"column":27}},{"start":{},"end":{}}],"line":76}},"s":{"0":2,"1":2,"2":2,"3":2,"4":2,"5":4,"6":4,"7":4,"8":4,"9":5,"10":5,"11":5,"12":5,"13":5,"14":2,"15":0,"16":0,"17":2,"18":3,"19":2,"20":2,"21":0,"22":0,"23":0,"24":0,"25":2,"26":1,"27":1,"28":1,"29":2,"30":1,"31":1,"32":1,"33":2,"34":2,"35":2,"36":1,"37":2,"38":1,"39":1,"40":1,"41":0,"42":0,"43":0,"44":0,"45":1,"46":0,"47":0,"48":0,"49":0,"50":0,"51":1},"f":{"0":2,"1":4,"2":5,"3":0,"4":1,"5":1,"6":2,"7":1,"8":0,"9":0},"b":{"0":[0],"1":[2,3],"2":[5,3],"3":[0,2],"4":[2,1],"5":[0,0],"6":[1,0],"7":[0],"8":[1,1],"9":[0,0],"10":[0,0]},"_coverageSchema":"1a1c01bbd47fc00a2c39e90264f33305004495a9","hash":"2ca11825cbe3d4ad3528e84e5031b249f20c9888"}
}
