TN:
SF:src/components/auth/LoginButton.jsx
FN:4,(anonymous_0)
FNF:1
FNH:1
FNDA:25,(anonymous_0)
DA:4,1
DA:5,25
DA:7,25
DA:8,13
DA:16,12
DA:17,6
DA:34,6
LF:7
LH:7
BRDA:7,0,0,13
BRDA:7,0,1,12
BRDA:16,1,0,6
BRDA:16,1,1,6
BRDA:19,2,0,6
BRDA:19,2,1,5
BRDA:22,3,0,5
BRDA:22,3,1,0
BRDA:26,4,0,6
BRDA:26,4,1,1
BRF:10
BRH:9
end_of_record
TN:
SF:src/components/auth/PrivateRoute.jsx
FN:4,(anonymous_0)
FNF:1
FNH:1
FNDA:11,(anonymous_0)
DA:4,1
DA:5,11
DA:7,11
DA:8,6
DA:16,5
DA:17,2
DA:27,3
LF:7
LH:7
BRDA:7,0,0,6
BRDA:7,0,1,5
BRDA:16,1,0,2
BRDA:16,1,1,3
BRF:4
BRH:4
end_of_record
TN:
SF:src/components/canvas/Canvas.jsx
FN:15,(anonymous_0)
FN:23,(anonymous_1)
FN:24,(anonymous_2)
FN:32,(anonymous_3)
FN:36,(anonymous_4)
FN:59,(anonymous_5)
FN:84,(anonymous_6)
FN:85,(anonymous_7)
FN:100,(anonymous_8)
FN:132,(anonymous_9)
FN:137,(anonymous_10)
FN:143,(anonymous_11)
FNF:12
FNH:6
FNDA:18,(anonymous_0)
FNDA:10,(anonymous_1)
FNDA:0,(anonymous_2)
FNDA:10,(anonymous_3)
FNDA:0,(anonymous_4)
FNDA:8,(anonymous_5)
FNDA:10,(anonymous_6)
FNDA:0,(anonymous_7)
FNDA:10,(anonymous_8)
FNDA:0,(anonymous_9)
FNDA:0,(anonymous_10)
FNDA:0,(anonymous_11)
DA:15,1
DA:16,18
DA:17,18
DA:18,18
DA:20,18
DA:23,18
DA:24,10
DA:25,0
DA:31,10
DA:32,10
DA:36,18
DA:37,0
DA:39,0
DA:40,0
DA:42,0
DA:43,0
DA:45,0
DA:47,0
DA:50,0
DA:51,0
DA:53,0
DA:54,0
DA:59,18
DA:61,8
DA:62,0
DA:64,0
DA:65,0
DA:68,0
DA:69,0
DA:71,0
DA:72,0
DA:78,0
DA:84,18
DA:85,10
DA:87,0
DA:88,0
DA:89,0
DA:93,0
DA:94,0
DA:95,0
DA:99,10
DA:100,10
DA:103,18
DA:133,0
DA:139,0
DA:140,0
DA:144,0
LF:47
LH:17
BRDA:15,0,0,16
BRDA:40,1,0,0
BRDA:40,1,1,0
BRDA:45,2,0,0
BRDA:45,2,1,0
BRDA:50,3,0,0
BRDA:50,3,1,0
BRDA:61,4,0,0
BRDA:61,4,1,0
BRDA:62,5,0,0
BRDA:62,5,1,0
BRDA:87,6,0,0
BRDA:87,6,1,0
BRDA:87,7,0,0
BRDA:87,7,1,0
BRDA:87,7,2,0
BRDA:93,8,0,0
BRDA:93,8,1,0
BRDA:119,9,0,18
BRDA:119,9,1,1
BRDA:139,10,0,0
BRDA:139,10,1,0
BRF:22
BRH:3
end_of_record
TN:
SF:src/components/canvas/GridBackground.jsx
FN:8,(anonymous_0)
FNF:1
FNH:1
FNDA:1,(anonymous_0)
DA:8,1
DA:9,1
DA:12,1
DA:13,1
DA:14,1
DA:15,1
DA:18,1
DA:19,21
DA:30,1
DA:31,16
DA:41,1
LF:11
LH:11
BRDA:8,0,0,0
BRDA:8,1,0,0
BRDA:8,2,0,1
BRDA:8,3,0,1
BRF:4
BRH:2
end_of_record
TN:
SF:src/components/canvas/Shape.jsx
FN:10,(anonymous_0)
FN:15,(anonymous_1)
FN:22,(anonymous_2)
FN:29,(anonymous_3)
FN:60,(anonymous_4)
FN:123,(anonymous_5)
FNF:6
FNH:0
FNDA:0,(anonymous_0)
FNDA:0,(anonymous_1)
FNDA:0,(anonymous_2)
FNDA:0,(anonymous_3)
FNDA:0,(anonymous_4)
FNDA:0,(anonymous_5)
DA:10,1
DA:11,0
DA:12,0
DA:15,0
DA:16,0
DA:17,0
DA:18,0
DA:22,0
DA:23,0
DA:29,0
DA:30,0
DA:31,0
DA:33,0
DA:34,0
DA:37,0
DA:38,0
DA:40,0
DA:47,0
DA:48,0
DA:49,0
DA:50,0
DA:51,0
DA:52,0
DA:53,0
DA:56,0
DA:60,0
DA:61,0
DA:70,0
DA:72,0
DA:87,0
DA:100,0
DA:113,0
DA:117,0
DA:125,0
DA:126,0
DA:128,0
LF:36
LH:1
BRDA:16,0,0,0
BRDA:16,0,1,0
BRDA:16,1,0,0
BRDA:16,1,1,0
BRDA:16,1,2,0
BRDA:31,2,0,0
BRDA:31,2,1,0
BRDA:47,3,0,0
BRDA:47,3,1,0
BRDA:50,4,0,0
BRDA:50,4,1,0
BRDA:52,5,0,0
BRDA:52,5,1,0
BRDA:70,6,0,0
BRDA:70,6,1,0
BRDA:70,6,2,0
BRDA:70,6,3,0
BRDA:82,7,0,0
BRDA:82,7,1,0
BRDA:120,8,0,0
BRDA:120,8,1,0
BRDA:125,9,0,0
BRDA:125,9,1,0
BRDA:125,10,0,0
BRDA:125,10,1,0
BRF:25
BRH:0
end_of_record
TN:
SF:src/components/canvas/Toolbar.jsx
FN:10,(anonymous_0)
FN:22,(anonymous_1)
FN:30,(anonymous_2)
FN:34,(anonymous_3)
FNF:4
FNH:4
FNDA:22,(anonymous_0)
FNDA:12,(anonymous_1)
FNDA:88,(anonymous_2)
FNDA:12,(anonymous_3)
DA:10,1
DA:11,22
DA:12,22
DA:13,22
DA:15,22
DA:22,22
DA:23,12
DA:26,22
DA:31,88
DA:34,12
LF:10
LH:10
BRDA:32,0,0,88
BRDA:32,0,1,22
BRDA:33,1,0,22
BRDA:33,1,1,66
BRDA:43,2,0,11
BRDA:43,2,1,11
BRF:6
BRH:6
end_of_record
TN:
SF:src/context/AuthContext.jsx
FN:11,(anonymous_0)
FN:19,(anonymous_1)
FN:24,(anonymous_2)
FN:28,(anonymous_3)
FN:44,(anonymous_4)
FN:52,(anonymous_5)
FN:55,(anonymous_6)
FN:76,(anonymous_7)
FNF:8
FNH:8
FNDA:59,(anonymous_0)
FNDA:58,(anonymous_1)
FNDA:25,(anonymous_2)
FNDA:20,(anonymous_3)
FNDA:1,(anonymous_4)
FNDA:25,(anonymous_5)
FNDA:5,(anonymous_6)
FNDA:4,(anonymous_7)
DA:9,3
DA:11,3
DA:12,59
DA:13,59
DA:14,2
DA:16,57
DA:19,3
DA:20,58
DA:21,58
DA:22,58
DA:24,58
DA:26,25
DA:29,20
DA:31,10
DA:39,10
DA:41,20
DA:42,20
DA:45,1
DA:46,1
DA:47,1
DA:52,25
DA:55,58
DA:56,5
DA:57,5
DA:58,5
DA:59,5
DA:60,3
DA:66,3
DA:68,1
DA:69,1
DA:70,1
DA:72,4
DA:76,58
DA:77,4
DA:78,4
DA:79,4
DA:80,4
DA:81,3
DA:83,1
DA:84,1
DA:85,1
DA:87,4
DA:91,58
DA:99,58
LF:44
LH:44
BRDA:13,0,0,2
BRDA:13,0,1,57
BRDA:29,1,0,10
BRDA:29,1,1,10
BRF:4
BRH:4
end_of_record
TN:
SF:src/context/CanvasContext.jsx
FN:42,(anonymous_0)
FN:53,(anonymous_1)
FN:63,(anonymous_2)
FN:119,(anonymous_3)
FN:123,(anonymous_4)
FN:136,(anonymous_5)
FN:147,(anonymous_6)
FN:150,(anonymous_7)
FN:151,(anonymous_8)
FN:152,(anonymous_9)
FN:153,(anonymous_10)
FN:154,(anonymous_11)
FN:155,(anonymous_12)
FN:156,(anonymous_13)
FN:157,(anonymous_14)
FN:158,(anonymous_15)
FN:159,(anonymous_16)
FNF:17
FNH:7
FNDA:12,(anonymous_0)
FNDA:0,(anonymous_1)
FNDA:0,(anonymous_2)
FNDA:25,(anonymous_3)
FNDA:25,(anonymous_4)
FNDA:80,(anonymous_5)
FNDA:40,(anonymous_6)
FNDA:20,(anonymous_7)
FNDA:0,(anonymous_8)
FNDA:0,(anonymous_9)
FNDA:0,(anonymous_10)
FNDA:0,(anonymous_11)
FNDA:0,(anonymous_12)
FNDA:12,(anonymous_13)
FNDA:0,(anonymous_14)
FNDA:0,(anonymous_15)
FNDA:0,(anonymous_16)
DA:8,1
DA:11,1
DA:32,1
DA:42,1
DA:43,12
DA:45,0
DA:51,0
DA:54,0
DA:61,0
DA:63,0
DA:68,0
DA:74,0
DA:80,0
DA:86,12
DA:93,0
DA:99,0
DA:105,0
DA:111,0
DA:119,1
DA:120,25
DA:123,25
DA:125,25
DA:136,1
DA:137,80
DA:138,80
DA:139,0
DA:141,80
DA:147,1
DA:148,40
DA:150,40
DA:151,0
DA:152,0
DA:153,0
DA:154,0
DA:155,0
DA:156,12
DA:157,0
DA:158,0
DA:159,0
LF:39
LH:18
BRDA:43,0,0,0
BRDA:43,0,1,0
BRDA:43,0,2,0
BRDA:43,0,3,0
BRDA:43,0,4,0
BRDA:43,0,5,0
BRDA:43,0,6,12
BRDA:43,0,7,0
BRDA:43,0,8,0
BRDA:43,0,9,0
BRDA:43,0,10,0
BRDA:54,1,0,0
BRDA:54,1,1,0
BRDA:64,2,0,0
BRDA:64,2,1,0
BRDA:138,3,0,0
BRDA:138,3,1,80
BRF:17
BRH:2
end_of_record
TN:
SF:src/utils/canvas.js
FN:15,(anonymous_0)
FN:25,(anonymous_1)
FN:40,(anonymous_2)
FNF:3
FNH:3
FNDA:16,(anonymous_0)
FNDA:6,(anonymous_1)
FNDA:4,(anonymous_2)
DA:6,2
DA:7,2
DA:8,2
DA:15,2
DA:16,16
DA:25,2
DA:26,6
DA:27,6
DA:28,6
DA:40,2
DA:41,4
DA:46,4
LF:12
LH:12
BRDA:26,0,0,3
BRDA:26,0,1,3
BRF:2
BRH:2
end_of_record
TN:
SF:src/utils/colors.js
FN:23,(anonymous_0)
FN:32,(anonymous_1)
FN:41,(anonymous_2)
FNF:3
FNH:3
FNDA:61,(anonymous_0)
FNDA:5,(anonymous_1)
FNDA:10,(anonymous_2)
DA:6,3
DA:23,3
DA:24,61
DA:32,3
DA:33,5
DA:41,3
DA:42,10
LF:7
LH:7
BRF:0
BRH:0
end_of_record
TN:
SF:src/utils/shapes.js
FN:27,(anonymous_0)
FN:50,(anonymous_1)
FN:73,(anonymous_2)
FN:95,(anonymous_3)
FNF:4
FNH:4
FNDA:5,(anonymous_0)
FNDA:4,(anonymous_1)
FNDA:5,(anonymous_2)
FNDA:5,(anonymous_3)
DA:9,2
DA:16,2
DA:17,2
DA:18,2
DA:27,2
DA:28,5
DA:50,2
DA:51,4
DA:73,2
DA:74,5
DA:95,2
DA:96,5
DA:98,2
DA:100,1
DA:102,1
DA:104,1
LF:16
LH:16
BRDA:27,0,0,2
BRDA:50,1,0,2
BRDA:73,2,0,2
BRDA:73,3,0,3
BRDA:95,4,0,4
BRDA:96,5,0,2
BRDA:96,5,1,1
BRDA:96,5,2,1
BRDA:96,5,3,1
BRF:9
BRH:9
end_of_record
