TN:
SF:src/components/auth/LoginButton.jsx
FN:4,(anonymous_0)
FNF:1
FNH:1
FNDA:25,(anonymous_0)
DA:4,1
DA:5,25
DA:7,25
DA:8,13
DA:16,12
DA:17,6
DA:34,6
LF:7
LH:7
BRDA:7,0,0,13
BRDA:7,0,1,12
BRDA:16,1,0,6
BRDA:16,1,1,6
BRDA:19,2,0,6
BRDA:19,2,1,5
BRDA:22,3,0,5
BRDA:22,3,1,0
BRDA:26,4,0,6
BRDA:26,4,1,1
BRF:10
BRH:9
end_of_record
TN:
SF:src/components/auth/PrivateRoute.jsx
FN:4,(anonymous_0)
FNF:1
FNH:1
FNDA:11,(anonymous_0)
DA:4,1
DA:5,11
DA:7,11
DA:8,6
DA:16,5
DA:17,2
DA:27,3
LF:7
LH:7
BRDA:7,0,0,6
BRDA:7,0,1,5
BRDA:16,1,0,2
BRDA:16,1,1,3
BRF:4
BRH:4
end_of_record
TN:
SF:src/context/AuthContext.jsx
FN:11,(anonymous_0)
FN:19,(anonymous_1)
FN:24,(anonymous_2)
FN:28,(anonymous_3)
FN:44,(anonymous_4)
FN:52,(anonymous_5)
FN:55,(anonymous_6)
FN:76,(anonymous_7)
FNF:8
FNH:8
FNDA:59,(anonymous_0)
FNDA:58,(anonymous_1)
FNDA:25,(anonymous_2)
FNDA:20,(anonymous_3)
FNDA:1,(anonymous_4)
FNDA:25,(anonymous_5)
FNDA:5,(anonymous_6)
FNDA:4,(anonymous_7)
DA:9,3
DA:11,3
DA:12,59
DA:13,59
DA:14,2
DA:16,57
DA:19,3
DA:20,58
DA:21,58
DA:22,58
DA:24,58
DA:26,25
DA:29,20
DA:31,10
DA:39,10
DA:41,20
DA:42,20
DA:45,1
DA:46,1
DA:47,1
DA:52,25
DA:55,58
DA:56,5
DA:57,5
DA:58,5
DA:59,5
DA:60,3
DA:66,3
DA:68,1
DA:69,1
DA:70,1
DA:72,4
DA:76,58
DA:77,4
DA:78,4
DA:79,4
DA:80,4
DA:81,3
DA:83,1
DA:84,1
DA:85,1
DA:87,4
DA:91,58
DA:99,58
LF:44
LH:44
BRDA:13,0,0,2
BRDA:13,0,1,57
BRDA:29,1,0,10
BRDA:29,1,1,10
BRF:4
BRH:4
end_of_record
